Using pre-set license
Built from '2022.3/release' branch; Version is '2022.3.5f1 (9674261d40ee) revision 9860134'; Using compiler version '192829333'; Build Type 'Release'
OS: 'Windows 11  (10.0.22621) 64bit Professional' Language: 'en' Physical Memory: 32509 MB
BatchMode: 1, IsHumanControllingUs: 0, StartBugReporterOnCrash: 0, Is64bit: 1, IsPro: 1

COMMAND LINE ARGUMENTS:
C:\Program Files\Unity\Hub\Editor\2022.3.5f1\Editor\Unity.exe
-adb2
-batchMode
-noUpm
-name
AssetImportWorker6
-projectPath
C:/Users/kade/Desktop/Graphics/project-2-infinitegame-studio
-logFile
Logs/AssetImportWorker6.log
-srvPort
50700
Successfully changed project path to: C:/Users/kade/Desktop/Graphics/project-2-infinitegame-studio
C:/Users/kade/Desktop/Graphics/project-2-infinitegame-studio
[UnityMemory] Configuration Parameters - Can be set up in boot.config
    "memorysetup-bucket-allocator-granularity=16"
    "memorysetup-bucket-allocator-bucket-count=8"
    "memorysetup-bucket-allocator-block-size=33554432"
    "memorysetup-bucket-allocator-block-count=8"
    "memorysetup-main-allocator-block-size=16777216"
    "memorysetup-thread-allocator-block-size=16777216"
    "memorysetup-gfx-main-allocator-block-size=16777216"
    "memorysetup-gfx-thread-allocator-block-size=16777216"
    "memorysetup-cache-allocator-block-size=4194304"
    "memorysetup-typetree-allocator-block-size=2097152"
    "memorysetup-profiler-bucket-allocator-granularity=16"
    "memorysetup-profiler-bucket-allocator-bucket-count=8"
    "memorysetup-profiler-bucket-allocator-block-size=33554432"
    "memorysetup-profiler-bucket-allocator-block-count=8"
    "memorysetup-profiler-allocator-block-size=16777216"
    "memorysetup-profiler-editor-allocator-block-size=1048576"
    "memorysetup-temp-allocator-size-main=16777216"
    "memorysetup-job-temp-allocator-block-size=2097152"
    "memorysetup-job-temp-allocator-block-size-background=1048576"
    "memorysetup-job-temp-allocator-reduction-small-platforms=262144"
    "memorysetup-allocator-temp-initial-block-size-main=262144"
    "memorysetup-allocator-temp-initial-block-size-worker=262144"
    "memorysetup-temp-allocator-size-background-worker=32768"
    "memorysetup-temp-allocator-size-job-worker=262144"
    "memorysetup-temp-allocator-size-preload-manager=33554432"
    "memorysetup-temp-allocator-size-nav-mesh-worker=65536"
    "memorysetup-temp-allocator-size-audio-worker=65536"
    "memorysetup-temp-allocator-size-cloud-worker=32768"
    "memorysetup-temp-allocator-size-gi-baking-worker=262144"
    "memorysetup-temp-allocator-size-gfx=262144"
Player connection [34312] Host "[IP] 192.168.50.68 [Port] 0 [Flags] 2 [Guid] 3532000222 [EditorId] 3532000222 [Version] 1048832 [Id] WindowsEditor(7,SoulsCore) [Debug] 1 [PackageName] WindowsEditor [ProjectName] Editor" joined multi-casting on [225.0.0.222:54997]...

Player connection [34312] Host "[IP] 192.168.50.68 [Port] 0 [Flags] 2 [Guid] 3532000222 [EditorId] 3532000222 [Version] 1048832 [Id] WindowsEditor(7,SoulsCore) [Debug] 1 [PackageName] WindowsEditor [ProjectName] Editor" joined alternative multi-casting on [225.0.0.222:34997]...

Refreshing native plugins compatible for Editor in 5.70 ms, found 3 plugins.
Preloading 0 native plugins for Editor in 0.00 ms.
Initialize engine version: 2022.3.5f1 (9674261d40ee)
[Subsystems] Discovering subsystems at path C:/Program Files/Unity/Hub/Editor/2022.3.5f1/Editor/Data/Resources/UnitySubsystems
[Subsystems] Discovering subsystems at path C:/Users/kade/Desktop/Graphics/project-2-infinitegame-studio/Assets
GfxDevice: creating device client; threaded=0; jobified=0
Direct3D:
    Version:  Direct3D 11.0 [level 11.1]
    Renderer: NVIDIA GeForce RTX 3080 (ID=0x2216)
    Vendor:   NVIDIA
    VRAM:     10067 MB
    Driver:   31.0.15.3713
Initialize mono
Mono path[0] = 'C:/Program Files/Unity/Hub/Editor/2022.3.5f1/Editor/Data/Managed'
Mono path[1] = 'C:/Program Files/Unity/Hub/Editor/2022.3.5f1/Editor/Data/MonoBleedingEdge/lib/mono/unityjit-win32'
Mono config path = 'C:/Program Files/Unity/Hub/Editor/2022.3.5f1/Editor/Data/MonoBleedingEdge/etc'
Using monoOptions --debugger-agent=transport=dt_socket,embedding=1,server=y,suspend=n,address=127.0.0.1:56784
Begin MonoManager ReloadAssembly
Registering precompiled unity dll's ...
Register platform support module: C:/Program Files/Unity/Hub/Editor/2022.3.5f1/Editor/Data/PlaybackEngines/WebGLSupport/UnityEditor.WebGL.Extensions.dll
Register platform support module: C:/Program Files/Unity/Hub/Editor/2022.3.5f1/Editor/Data/PlaybackEngines/WindowsStandaloneSupport/UnityEditor.WindowsStandalone.Extensions.dll
Registered in 0.003636 seconds.
- Loaded All Assemblies, in  0.203 seconds
Native extension for WindowsStandalone target not found
Native extension for WebGL target not found
Mono: successfully reloaded assembly
- Finished resetting the current domain, in  0.167 seconds
Domain Reload Profiling: 370ms
	BeginReloadAssembly (49ms)
		ExecutionOrderSort (0ms)
		DisableScriptedObjects (0ms)
		BackupInstance (0ms)
		ReleaseScriptingObjects (0ms)
		CreateAndSetChildDomain (0ms)
	RebuildCommonClasses (22ms)
	RebuildNativeTypeToScriptingClass (6ms)
	initialDomainReloadingComplete (36ms)
	LoadAllAssembliesAndSetupDomain (88ms)
		LoadAssemblies (49ms)
		RebuildTransferFunctionScriptingTraits (0ms)
		AnalyzeDomain (84ms)
			TypeCache.Refresh (83ms)
				TypeCache.ScanAssembly (76ms)
			ScanForSourceGeneratedMonoScriptInfo (0ms)
			ResolveRequiredComponents (0ms)
	FinalizeReload (168ms)
		ReleaseScriptCaches (0ms)
		RebuildScriptCaches (0ms)
		SetupLoadedEditorAssemblies (128ms)
			LogAssemblyErrors (0ms)
			InitializePlatformSupportModulesInManaged (6ms)
			SetLoadedEditorAssemblies (4ms)
			RefreshPlugins (0ms)
			BeforeProcessingInitializeOnLoad (1ms)
			ProcessInitializeOnLoadAttributes (87ms)
			ProcessInitializeOnLoadMethodAttributes (31ms)
			AfterProcessingInitializeOnLoad (0ms)
			EditorAssembliesLoaded (0ms)
		ExecutionOrderSort2 (0ms)
		AwakeInstancesAfterBackupRestoration (0ms)
========================================================================
Worker process is ready to serve import requests
Begin MonoManager ReloadAssembly
- Loaded All Assemblies, in  0.552 seconds
Refreshing native plugins compatible for Editor in 1.92 ms, found 3 plugins.
Native extension for WindowsStandalone target not found
Native extension for WebGL target not found
Package Manager log level set to [2]
[Package Manager] Server::EnsureServerProcessIsRunning -- launch failed, reason: Unity was launched with the -noUpm command-line argument
[Package Manager] UpmClient::Send -- Unable to send message (not connected to UPM process).
[Package Manager] Cannot connect to Unity Package Manager local server
Mono: successfully reloaded assembly
- Finished resetting the current domain, in  0.524 seconds
Domain Reload Profiling: 1074ms
	BeginReloadAssembly (78ms)
		ExecutionOrderSort (0ms)
		DisableScriptedObjects (3ms)
		BackupInstance (0ms)
		ReleaseScriptingObjects (0ms)
		CreateAndSetChildDomain (13ms)
	RebuildCommonClasses (20ms)
	RebuildNativeTypeToScriptingClass (6ms)
	initialDomainReloadingComplete (27ms)
	LoadAllAssembliesAndSetupDomain (420ms)
		LoadAssemblies (192ms)
		RebuildTransferFunctionScriptingTraits (0ms)
		AnalyzeDomain (263ms)
			TypeCache.Refresh (235ms)
				TypeCache.ScanAssembly (227ms)
			ScanForSourceGeneratedMonoScriptInfo (21ms)
			ResolveRequiredComponents (8ms)
	FinalizeReload (524ms)
		ReleaseScriptCaches (0ms)
		RebuildScriptCaches (0ms)
		SetupLoadedEditorAssemblies (397ms)
			LogAssemblyErrors (0ms)
			InitializePlatformSupportModulesInManaged (4ms)
			SetLoadedEditorAssemblies (3ms)
			RefreshPlugins (0ms)
			BeforeProcessingInitializeOnLoad (55ms)
			ProcessInitializeOnLoadAttributes (311ms)
			ProcessInitializeOnLoadMethodAttributes (21ms)
			AfterProcessingInitializeOnLoad (3ms)
			EditorAssembliesLoaded (0ms)
		ExecutionOrderSort2 (0ms)
		AwakeInstancesAfterBackupRestoration (4ms)
Launched and connected shader compiler UnityShaderCompiler.exe after 0.03 seconds
Refreshing native plugins compatible for Editor in 1.97 ms, found 3 plugins.
Preloading 0 native plugins for Editor in 0.00 ms.
Unloading 7179 Unused Serialized files (Serialized files now loaded: 0)
Unloading 262 unused Assets / (16.0 MB). Loaded Objects now: 7502.
Memory consumption went from 332.2 MB to 316.2 MB.
Total: 4.423500 ms (FindLiveObjects: 0.351600 ms CreateObjectMapping: 0.230500 ms MarkObjects: 2.030400 ms  DeleteObjects: 1.810200 ms)

AssetImportParameters requested are different than current active one (requested -> active):
  custom:container-demuxer-ogg: 62fdf1f143b41e24485cea50d1cbac27 -> 
  custom:framework-win-MediaFoundation: 216162199b28c13a410421893ffa2e32 -> 
  custom:container-muxer-webm: aa71ff27fc2769a1b78a27578f13a17b -> 
  custom:video-decoder-webm-vp8: 9c59270c3fd7afecdb556c50c9e8de78 -> 
  custom:AudioImporter_EditorPlatform: d09bf68614088b80899f8185d706f6e7 -> 
  custom:audio-decoder-ogg-vorbis: bf7c407c2cedff20999df2af8eb42d56 -> 
  custom:audio-encoder-webm-vorbis: bf7c407c2cedff20999df2af8eb42d56 -> 
  custom:video-decoder-ogg-theora: a1e56fd34408186e4bbccfd4996cb3dc -> 
  custom:CustomObjectIndexerAttribute: d54d2f2da18e7612c182cf67624b6b12 -> 
  custom:container-demuxer-webm: 4f35f7cbe854078d1ac9338744f61a02 -> 
  custom:video-encoder-webm-vp8: eb34c28f22e8b96e1ab97ce403110664 -> 
========================================================================
Received Import Request.
  Time since last request: 354789.392705 seconds.
  path: Assets/Castle/Prefabs/Pref_Wall_Door_Opening.prefab
  artifactKey: Guid(ee7b27058993b6f4dae2816721fa2d01) Importer(815301076,1909f56bfc062723c751e8b465ee728b)
Start importing Assets/Castle/Prefabs/Pref_Wall_Door_Opening.prefab using Guid(ee7b27058993b6f4dae2816721fa2d01) Importer(815301076,1909f56bfc062723c751e8b465ee728b)  -> (artifact id: '14fb86522cd7a6f2124e176e3d94b34a') in 0.070209 seconds
Number of updated asset objects reloaded before import = 0
Number of asset objects unloaded after import = 12
========================================================================
Received Prepare
Begin MonoManager ReloadAssembly
- Loaded All Assemblies, in  0.511 seconds
Refreshing native plugins compatible for Editor in 1.94 ms, found 3 plugins.
Native extension for WindowsStandalone target not found
Native extension for WebGL target not found
[Package Manager] Server::EnsureServerProcessIsRunning -- launch failed, reason: Unity was launched with the -noUpm command-line argument
[Package Manager] UpmClient::Send -- Unable to send message (not connected to UPM process).
[Package Manager] Cannot connect to Unity Package Manager local server
Mono: successfully reloaded assembly
- Finished resetting the current domain, in  0.983 seconds
Domain Reload Profiling: 1493ms
	BeginReloadAssembly (99ms)
		ExecutionOrderSort (0ms)
		DisableScriptedObjects (2ms)
		BackupInstance (0ms)
		ReleaseScriptingObjects (0ms)
		CreateAndSetChildDomain (34ms)
	RebuildCommonClasses (19ms)
	RebuildNativeTypeToScriptingClass (7ms)
	initialDomainReloadingComplete (18ms)
	LoadAllAssembliesAndSetupDomain (366ms)
		LoadAssemblies (189ms)
		RebuildTransferFunctionScriptingTraits (0ms)
		AnalyzeDomain (212ms)
			TypeCache.Refresh (204ms)
				TypeCache.ScanAssembly (196ms)
			ScanForSourceGeneratedMonoScriptInfo (0ms)
			ResolveRequiredComponents (8ms)
	FinalizeReload (984ms)
		ReleaseScriptCaches (0ms)
		RebuildScriptCaches (0ms)
		SetupLoadedEditorAssemblies (346ms)
			LogAssemblyErrors (0ms)
			InitializePlatformSupportModulesInManaged (4ms)
			SetLoadedEditorAssemblies (2ms)
			RefreshPlugins (0ms)
			BeforeProcessingInitializeOnLoad (52ms)
			ProcessInitializeOnLoadAttributes (269ms)
			ProcessInitializeOnLoadMethodAttributes (17ms)
			AfterProcessingInitializeOnLoad (3ms)
			EditorAssembliesLoaded (0ms)
		ExecutionOrderSort2 (0ms)
		AwakeInstancesAfterBackupRestoration (4ms)
Refreshing native plugins compatible for Editor in 2.76 ms, found 3 plugins.
Preloading 0 native plugins for Editor in 0.00 ms.
Unloading 6912 Unused Serialized files (Serialized files now loaded: 0)
Unloading 206 unused Assets / (15.9 MB). Loaded Objects now: 7525.
Memory consumption went from 272.5 MB to 256.5 MB.
Total: 4.345100 ms (FindLiveObjects: 0.327400 ms CreateObjectMapping: 0.229700 ms MarkObjects: 1.964900 ms  DeleteObjects: 1.822300 ms)

Prepare: number of updated asset objects reloaded= 0
AssetImportParameters requested are different than current active one (requested -> active):
  custom:container-demuxer-ogg: 62fdf1f143b41e24485cea50d1cbac27 -> 
  custom:framework-win-MediaFoundation: 216162199b28c13a410421893ffa2e32 -> 
  custom:container-muxer-webm: aa71ff27fc2769a1b78a27578f13a17b -> 
  custom:video-decoder-webm-vp8: 9c59270c3fd7afecdb556c50c9e8de78 -> 
  custom:AudioImporter_EditorPlatform: d09bf68614088b80899f8185d706f6e7 -> 
  custom:audio-decoder-ogg-vorbis: bf7c407c2cedff20999df2af8eb42d56 -> 
  custom:audio-encoder-webm-vorbis: bf7c407c2cedff20999df2af8eb42d56 -> 
  custom:video-decoder-ogg-theora: a1e56fd34408186e4bbccfd4996cb3dc -> 
  custom:CustomObjectIndexerAttribute: d54d2f2da18e7612c182cf67624b6b12 -> 
  custom:container-demuxer-webm: 4f35f7cbe854078d1ac9338744f61a02 -> 
  custom:video-encoder-webm-vp8: eb34c28f22e8b96e1ab97ce403110664 -> 
========================================================================
Received Prepare
Begin MonoManager ReloadAssembly
- Loaded All Assemblies, in  0.505 seconds
Refreshing native plugins compatible for Editor in 1.86 ms, found 3 plugins.
Native extension for WindowsStandalone target not found
Native extension for WebGL target not found
[Package Manager] Server::EnsureServerProcessIsRunning -- launch failed, reason: Unity was launched with the -noUpm command-line argument
[Package Manager] UpmClient::Send -- Unable to send message (not connected to UPM process).
[Package Manager] Cannot connect to Unity Package Manager local server
Mono: successfully reloaded assembly
- Finished resetting the current domain, in  0.916 seconds
Domain Reload Profiling: 1419ms
	BeginReloadAssembly (100ms)
		ExecutionOrderSort (0ms)
		DisableScriptedObjects (2ms)
		BackupInstance (0ms)
		ReleaseScriptingObjects (0ms)
		CreateAndSetChildDomain (30ms)
	RebuildCommonClasses (19ms)
	RebuildNativeTypeToScriptingClass (6ms)
	initialDomainReloadingComplete (19ms)
	LoadAllAssembliesAndSetupDomain (359ms)
		LoadAssemblies (184ms)
		RebuildTransferFunctionScriptingTraits (0ms)
		AnalyzeDomain (211ms)
			TypeCache.Refresh (203ms)
				TypeCache.ScanAssembly (195ms)
			ScanForSourceGeneratedMonoScriptInfo (0ms)
			ResolveRequiredComponents (7ms)
	FinalizeReload (916ms)
		ReleaseScriptCaches (0ms)
		RebuildScriptCaches (0ms)
		SetupLoadedEditorAssemblies (348ms)
			LogAssemblyErrors (0ms)
			InitializePlatformSupportModulesInManaged (4ms)
			SetLoadedEditorAssemblies (2ms)
			RefreshPlugins (0ms)
			BeforeProcessingInitializeOnLoad (51ms)
			ProcessInitializeOnLoadAttributes (271ms)
			ProcessInitializeOnLoadMethodAttributes (16ms)
			AfterProcessingInitializeOnLoad (3ms)
			EditorAssembliesLoaded (0ms)
		ExecutionOrderSort2 (0ms)
		AwakeInstancesAfterBackupRestoration (4ms)
Refreshing native plugins compatible for Editor in 2.05 ms, found 3 plugins.
Preloading 0 native plugins for Editor in 0.00 ms.
Unloading 6912 Unused Serialized files (Serialized files now loaded: 0)
Unloading 206 unused Assets / (15.9 MB). Loaded Objects now: 7540.
Memory consumption went from 272.5 MB to 256.5 MB.
Total: 4.792300 ms (FindLiveObjects: 0.344700 ms CreateObjectMapping: 0.223600 ms MarkObjects: 1.959300 ms  DeleteObjects: 2.263600 ms)

Prepare: number of updated asset objects reloaded= 0
AssetImportParameters requested are different than current active one (requested -> active):
  custom:container-demuxer-ogg: 62fdf1f143b41e24485cea50d1cbac27 -> 
  custom:framework-win-MediaFoundation: 216162199b28c13a410421893ffa2e32 -> 
  custom:container-muxer-webm: aa71ff27fc2769a1b78a27578f13a17b -> 
  custom:video-decoder-webm-vp8: 9c59270c3fd7afecdb556c50c9e8de78 -> 
  custom:AudioImporter_EditorPlatform: d09bf68614088b80899f8185d706f6e7 -> 
  custom:audio-decoder-ogg-vorbis: bf7c407c2cedff20999df2af8eb42d56 -> 
  custom:audio-encoder-webm-vorbis: bf7c407c2cedff20999df2af8eb42d56 -> 
  custom:video-decoder-ogg-theora: a1e56fd34408186e4bbccfd4996cb3dc -> 
  custom:CustomObjectIndexerAttribute: d54d2f2da18e7612c182cf67624b6b12 -> 
  custom:container-demuxer-webm: 4f35f7cbe854078d1ac9338744f61a02 -> 
  custom:video-encoder-webm-vp8: eb34c28f22e8b96e1ab97ce403110664 -> 
========================================================================
Received Import Request.
  Time since last request: 3822.892132 seconds.
  path: Assets/SimpleFantasyInteriors/Prefabs/Props/SM_Prop_Banner_01.prefab
  artifactKey: Guid(297414827fab3e34d8cabfccfd83f866) Importer(815301076,1909f56bfc062723c751e8b465ee728b)
Start importing Assets/SimpleFantasyInteriors/Prefabs/Props/SM_Prop_Banner_01.prefab using Guid(297414827fab3e34d8cabfccfd83f866) Importer(815301076,1909f56bfc062723c751e8b465ee728b)  -> (artifact id: 'bc9cb8bc38099c781db7b7b4bcaad54e') in 0.044411 seconds
Number of updated asset objects reloaded before import = 0
Number of asset objects unloaded after import = 9
========================================================================
Received Import Request.
  Time since last request: 11.193979 seconds.
  path: Assets/SimpleFantasyInteriors/Prefabs/Props/SM_Prop_Mounted_StagHead_01.prefab
  artifactKey: Guid(44dbb293d5b77e34aa55d6fe88992f98) Importer(815301076,1909f56bfc062723c751e8b465ee728b)
Start importing Assets/SimpleFantasyInteriors/Prefabs/Props/SM_Prop_Mounted_StagHead_01.prefab using Guid(44dbb293d5b77e34aa55d6fe88992f98) Importer(815301076,1909f56bfc062723c751e8b465ee728b)  -> (artifact id: 'dcfc639295c2b5973ad2d83e13c4f707') in 0.008508 seconds
Number of updated asset objects reloaded before import = 0
Number of asset objects unloaded after import = 9
========================================================================
Received Import Request.
  Time since last request: 2.314042 seconds.
  path: Assets/SimpleFantasyInteriors/Prefabs/Props/SM_Prop_Mounted_BoarHead_01.prefab
  artifactKey: Guid(9b85ccd0edd16de4f92c4b24cf58c8ee) Importer(815301076,1909f56bfc062723c751e8b465ee728b)
Start importing Assets/SimpleFantasyInteriors/Prefabs/Props/SM_Prop_Mounted_BoarHead_01.prefab using Guid(9b85ccd0edd16de4f92c4b24cf58c8ee) Importer(815301076,1909f56bfc062723c751e8b465ee728b)  -> (artifact id: 'debbbc353cf55102d785f79833e39cfc') in 0.008507 seconds
Number of updated asset objects reloaded before import = 0
Number of asset objects unloaded after import = 9
========================================================================
Received Import Request.
  Time since last request: 89.927015 seconds.
  path: Assets/SimpleFantasyInteriors/Prefabs/Props/SM_Prop_Bed_04.prefab
  artifactKey: Guid(85ed099bd9bdb5d46bc84f05faf3b513) Importer(815301076,1909f56bfc062723c751e8b465ee728b)
Start importing Assets/SimpleFantasyInteriors/Prefabs/Props/SM_Prop_Bed_04.prefab using Guid(85ed099bd9bdb5d46bc84f05faf3b513) Importer(815301076,1909f56bfc062723c751e8b465ee728b)  -> (artifact id: 'e44b4f8fdcd6a86523d28770d54179b4') in 0.013650 seconds
Number of updated asset objects reloaded before import = 0
Number of asset objects unloaded after import = 9
========================================================================
Received Import Request.
  Time since last request: 3.422479 seconds.
  path: Assets/SimpleFantasyInteriors/Prefabs/Props/SM_Prop_Bed_05.prefab
  artifactKey: Guid(bd41e50bd36158144bf2dcf37337bb29) Importer(815301076,1909f56bfc062723c751e8b465ee728b)
Start importing Assets/SimpleFantasyInteriors/Prefabs/Props/SM_Prop_Bed_05.prefab using Guid(bd41e50bd36158144bf2dcf37337bb29) Importer(815301076,1909f56bfc062723c751e8b465ee728b)  -> (artifact id: 'f43957b6d6b048d0006815060ebd0638') in 0.012145 seconds
Number of updated asset objects reloaded before import = 0
Number of asset objects unloaded after import = 9
========================================================================
Received Import Request.
  Time since last request: 2.292264 seconds.
  path: Assets/SimpleFantasyInteriors/Prefabs/Props/SM_Prop_Bed_06.prefab
  artifactKey: Guid(dd1338e76d744e24899475a82cc81679) Importer(815301076,1909f56bfc062723c751e8b465ee728b)
Start importing Assets/SimpleFantasyInteriors/Prefabs/Props/SM_Prop_Bed_06.prefab using Guid(dd1338e76d744e24899475a82cc81679) Importer(815301076,1909f56bfc062723c751e8b465ee728b)  -> (artifact id: '4351f33b27f5a5ca5ff3039077c5ae9b') in 0.012325 seconds
Number of updated asset objects reloaded before import = 0
Number of asset objects unloaded after import = 9
========================================================================
Received Import Request.
  Time since last request: 2.108749 seconds.
  path: Assets/SimpleFantasyInteriors/Prefabs/Props/SM_Prop_Bed_07.prefab
  artifactKey: Guid(7fd432e28edce6d49ab75849161f10b8) Importer(815301076,1909f56bfc062723c751e8b465ee728b)
Start importing Assets/SimpleFantasyInteriors/Prefabs/Props/SM_Prop_Bed_07.prefab using Guid(7fd432e28edce6d49ab75849161f10b8) Importer(815301076,1909f56bfc062723c751e8b465ee728b)  -> (artifact id: 'a27dbdf063c24cbea097ce66f7766aa3') in 0.010477 seconds
Number of updated asset objects reloaded before import = 0
Number of asset objects unloaded after import = 9
========================================================================
Received Import Request.
  Time since last request: 2.441795 seconds.
  path: Assets/SimpleFantasyInteriors/Prefabs/Props/SM_Prop_Bed_08.prefab
  artifactKey: Guid(7225daa4b8f4bb64db5c8782b8365505) Importer(815301076,1909f56bfc062723c751e8b465ee728b)
Start importing Assets/SimpleFantasyInteriors/Prefabs/Props/SM_Prop_Bed_08.prefab using Guid(7225daa4b8f4bb64db5c8782b8365505) Importer(815301076,1909f56bfc062723c751e8b465ee728b)  -> (artifact id: '66ba7e03e60391e83f4838a50692d90f') in 0.018703 seconds
Number of updated asset objects reloaded before import = 0
Number of asset objects unloaded after import = 9
========================================================================
Received Import Request.
  Time since last request: 1.777553 seconds.
  path: Assets/SimpleFantasyInteriors/Prefabs/Props/SM_Prop_Bench_01.prefab
  artifactKey: Guid(8254b97f18154274db5ff17a46d4d4fa) Importer(815301076,1909f56bfc062723c751e8b465ee728b)
Start importing Assets/SimpleFantasyInteriors/Prefabs/Props/SM_Prop_Bench_01.prefab using Guid(8254b97f18154274db5ff17a46d4d4fa) Importer(815301076,1909f56bfc062723c751e8b465ee728b)  -> (artifact id: 'a724bdb995175fcbdfa79feb9ef902ea') in 0.008704 seconds
Number of updated asset objects reloaded before import = 0
Number of asset objects unloaded after import = 9
========================================================================
Received Import Request.
  Time since last request: 2.288774 seconds.
  path: Assets/SimpleFantasyInteriors/Prefabs/Props/SM_Prop_Bench_02.prefab
  artifactKey: Guid(0bf0ad9d9186c6b4a897be86c3c32577) Importer(815301076,1909f56bfc062723c751e8b465ee728b)
Start importing Assets/SimpleFantasyInteriors/Prefabs/Props/SM_Prop_Bench_02.prefab using Guid(0bf0ad9d9186c6b4a897be86c3c32577) Importer(815301076,1909f56bfc062723c751e8b465ee728b)  -> (artifact id: 'e064e01bd4e398934ced3fe29c517aec') in 0.008165 seconds
Number of updated asset objects reloaded before import = 0
Number of asset objects unloaded after import = 9
========================================================================
Received Import Request.
  Time since last request: 2.550629 seconds.
  path: Assets/SimpleFantasyInteriors/Prefabs/Props/SM_Prop_Bench_03.prefab
  artifactKey: Guid(2fcbb6d67f909534d9681eeed6c796bb) Importer(815301076,1909f56bfc062723c751e8b465ee728b)
Start importing Assets/SimpleFantasyInteriors/Prefabs/Props/SM_Prop_Bench_03.prefab using Guid(2fcbb6d67f909534d9681eeed6c796bb) Importer(815301076,1909f56bfc062723c751e8b465ee728b)  -> (artifact id: 'd58d693b450d620a45a3fa2798a7f9e6') in 0.018662 seconds
Number of updated asset objects reloaded before import = 0
Number of asset objects unloaded after import = 9
========================================================================
Received Import Request.
  Time since last request: 2.421481 seconds.
  path: Assets/SimpleFantasyInteriors/Prefabs/Props/SM_Prop_Book_Open_01.prefab
  artifactKey: Guid(7bb2471add437164e8944b7cb6b11b0a) Importer(815301076,1909f56bfc062723c751e8b465ee728b)
Start importing Assets/SimpleFantasyInteriors/Prefabs/Props/SM_Prop_Book_Open_01.prefab using Guid(7bb2471add437164e8944b7cb6b11b0a) Importer(815301076,1909f56bfc062723c751e8b465ee728b)  -> (artifact id: 'eee959b8048a5c4621ce72196e6d7c53') in 0.019500 seconds
Number of updated asset objects reloaded before import = 0
Number of asset objects unloaded after import = 9
========================================================================
Received Import Request.
  Time since last request: 2.760159 seconds.
  path: Assets/SimpleFantasyInteriors/Prefabs/Props/SM_Prop_BookPile_01.prefab
  artifactKey: Guid(b7aef164533764249bb783a726cb72d8) Importer(815301076,1909f56bfc062723c751e8b465ee728b)
Start importing Assets/SimpleFantasyInteriors/Prefabs/Props/SM_Prop_BookPile_01.prefab using Guid(b7aef164533764249bb783a726cb72d8) Importer(815301076,1909f56bfc062723c751e8b465ee728b)  -> (artifact id: '7c49bbf372f1fe47a97b773e94b3e3b5') in 0.014294 seconds
Number of updated asset objects reloaded before import = 0
Number of asset objects unloaded after import = 9
========================================================================
Received Import Request.
  Time since last request: 2.104652 seconds.
  path: Assets/SimpleFantasyInteriors/Prefabs/Props/SM_Prop_BookPile_02.prefab
  artifactKey: Guid(d9c8f495479b9b049ac2bcd0d03d7079) Importer(815301076,1909f56bfc062723c751e8b465ee728b)
Start importing Assets/SimpleFantasyInteriors/Prefabs/Props/SM_Prop_BookPile_02.prefab using Guid(d9c8f495479b9b049ac2bcd0d03d7079) Importer(815301076,1909f56bfc062723c751e8b465ee728b)  -> (artifact id: '5e942481cfc120df570a8d47393bbdd3') in 0.014120 seconds
Number of updated asset objects reloaded before import = 0
Number of asset objects unloaded after import = 9
========================================================================
Received Import Request.
  Time since last request: 3.416447 seconds.
  path: Assets/SimpleFantasyInteriors/Prefabs/Props/SM_Prop_BookPile_03.prefab
  artifactKey: Guid(bff826145516ec247b5cd231a40468c7) Importer(815301076,1909f56bfc062723c751e8b465ee728b)
Start importing Assets/SimpleFantasyInteriors/Prefabs/Props/SM_Prop_BookPile_03.prefab using Guid(bff826145516ec247b5cd231a40468c7) Importer(815301076,1909f56bfc062723c751e8b465ee728b)  -> (artifact id: 'c029920cb81b887f1650d1579a95c927') in 0.010260 seconds
Number of updated asset objects reloaded before import = 0
Number of asset objects unloaded after import = 9
========================================================================
Received Import Request.
  Time since last request: 2.270103 seconds.
  path: Assets/SimpleFantasyInteriors/Prefabs/Props/SM_Prop_Bookshelf_01.prefab
  artifactKey: Guid(305cad92df26f524495b469fec68564d) Importer(815301076,1909f56bfc062723c751e8b465ee728b)
Start importing Assets/SimpleFantasyInteriors/Prefabs/Props/SM_Prop_Bookshelf_01.prefab using Guid(305cad92df26f524495b469fec68564d) Importer(815301076,1909f56bfc062723c751e8b465ee728b)  -> (artifact id: 'c2d0e15d21308ac62514811fb430f1c6') in 0.009297 seconds
Number of updated asset objects reloaded before import = 0
Number of asset objects unloaded after import = 9
========================================================================
Received Import Request.
  Time since last request: 318.278299 seconds.
  path: Assets/SimpleFantasyInteriors/Prefabs/Props/hall_rug_large Variant.prefab
  artifactKey: Guid(92f6972084b78fe45b24ba98b201b8f5) Importer(815301076,1909f56bfc062723c751e8b465ee728b)
Start importing Assets/SimpleFantasyInteriors/Prefabs/Props/hall_rug_large Variant.prefab using Guid(92f6972084b78fe45b24ba98b201b8f5) Importer(815301076,1909f56bfc062723c751e8b465ee728b)  -> (artifact id: 'ec7fece7899de6387b33a0cdccebc355') in 0.014127 seconds
Number of updated asset objects reloaded before import = 0
Number of asset objects unloaded after import = 16
========================================================================
Received Import Request.
  Time since last request: 583.730389 seconds.
  path: Assets/LowPolyDungeons/Prefabs/Dungeon
  artifactKey: Guid(a5a89186547daf940a72c768772a991c) Importer(815301076,1909f56bfc062723c751e8b465ee728b)
Start importing Assets/LowPolyDungeons/Prefabs/Dungeon using Guid(a5a89186547daf940a72c768772a991c) Importer(815301076,1909f56bfc062723c751e8b465ee728b)  -> (artifact id: '89dae3dcddac4eadf78fb03b322d65b5') in 0.000699 seconds
Number of updated asset objects reloaded before import = 0
Number of asset objects unloaded after import = 0
========================================================================
Received Import Request.
  Time since last request: 89.363653 seconds.
  path: Assets/LowPolyDungeons/Prefabs/Nature/Grass_01.prefab
  artifactKey: Guid(ae3d6dec92e33d749bc17c5f8cf0f0a9) Importer(815301076,1909f56bfc062723c751e8b465ee728b)
Start importing Assets/LowPolyDungeons/Prefabs/Nature/Grass_01.prefab using Guid(ae3d6dec92e33d749bc17c5f8cf0f0a9) Importer(815301076,1909f56bfc062723c751e8b465ee728b)  -> (artifact id: '6d969240443a4c03788fc87643254cf4') in 0.019789 seconds
Number of updated asset objects reloaded before import = 0
Number of asset objects unloaded after import = 10
========================================================================
Received Import Request.
  Time since last request: 0.000014 seconds.
  path: Assets/LowPolyDungeons/Prefabs/Nature/Rock_01.prefab
  artifactKey: Guid(6070d3360fe8ecb419df8fe5d57345ab) Importer(815301076,1909f56bfc062723c751e8b465ee728b)
Start importing Assets/LowPolyDungeons/Prefabs/Nature/Rock_01.prefab using Guid(6070d3360fe8ecb419df8fe5d57345ab) Importer(815301076,1909f56bfc062723c751e8b465ee728b)  -> (artifact id: 'ba318d75ce4506cfdda14a627b50f8c6') in 0.028664 seconds
Number of updated asset objects reloaded before import = 0
Number of asset objects unloaded after import = 10
========================================================================
Received Import Request.
  Time since last request: 0.000022 seconds.
  path: Assets/LowPolyDungeons/Prefabs/Nature/Mushroom_01.prefab
  artifactKey: Guid(16a7104605a25a547abd82eb749f41d4) Importer(815301076,1909f56bfc062723c751e8b465ee728b)
Start importing Assets/LowPolyDungeons/Prefabs/Nature/Mushroom_01.prefab using Guid(16a7104605a25a547abd82eb749f41d4) Importer(815301076,1909f56bfc062723c751e8b465ee728b)  -> (artifact id: 'db840fc64494c3c09409b16f914449d2') in 0.011404 seconds
Number of updated asset objects reloaded before import = 0
Number of asset objects unloaded after import = 10
========================================================================
Received Import Request.
  Time since last request: 0.000012 seconds.
  path: Assets/LowPolyDungeons/Prefabs/Nature/Tree_01.prefab
  artifactKey: Guid(ee3382d3ad6e1c54da8e1cacfb0a64b1) Importer(815301076,1909f56bfc062723c751e8b465ee728b)
Start importing Assets/LowPolyDungeons/Prefabs/Nature/Tree_01.prefab using Guid(ee3382d3ad6e1c54da8e1cacfb0a64b1) Importer(815301076,1909f56bfc062723c751e8b465ee728b)  -> (artifact id: 'd3989b61ba5618851e8a1e5dc63ca81a') in 0.010726 seconds
Number of updated asset objects reloaded before import = 0
Number of asset objects unloaded after import = 10
========================================================================
Received Import Request.
  Time since last request: 0.000013 seconds.
  path: Assets/LowPolyDungeons/Prefabs/Nature/Mushroom_07.prefab
  artifactKey: Guid(b21f2cc82fafd7b4abb46cace1f262fd) Importer(815301076,1909f56bfc062723c751e8b465ee728b)
Start importing Assets/LowPolyDungeons/Prefabs/Nature/Mushroom_07.prefab using Guid(b21f2cc82fafd7b4abb46cace1f262fd) Importer(815301076,1909f56bfc062723c751e8b465ee728b)  -> (artifact id: '430320d52bbdbf41f9dce0ce1aade969') in 0.011515 seconds
Number of updated asset objects reloaded before import = 0
Number of asset objects unloaded after import = 10
========================================================================
Received Import Request.
  Time since last request: 0.000010 seconds.
  path: Assets/LowPolyDungeons/Prefabs/Nature/Ivy_06.prefab
  artifactKey: Guid(0c8536f679118314fb091aeb6b266831) Importer(815301076,1909f56bfc062723c751e8b465ee728b)
Start importing Assets/LowPolyDungeons/Prefabs/Nature/Ivy_06.prefab using Guid(0c8536f679118314fb091aeb6b266831) Importer(815301076,1909f56bfc062723c751e8b465ee728b)  -> (artifact id: '26a92335d6abf1d8912dc16b22e7e1a7') in 0.010933 seconds
Number of updated asset objects reloaded before import = 0
Number of asset objects unloaded after import = 10
========================================================================
Received Import Request.
  Time since last request: 0.000011 seconds.
  path: Assets/LowPolyDungeons/Prefabs/Nature/Ivy_05.prefab
  artifactKey: Guid(c652c5293e01251498109fb52042fcbc) Importer(815301076,1909f56bfc062723c751e8b465ee728b)
Start importing Assets/LowPolyDungeons/Prefabs/Nature/Ivy_05.prefab using Guid(c652c5293e01251498109fb52042fcbc) Importer(815301076,1909f56bfc062723c751e8b465ee728b)  -> (artifact id: '02cb0a49ba50e6eb6f3ebf8e86833821') in 0.009465 seconds
Number of updated asset objects reloaded before import = 0
Number of asset objects unloaded after import = 10
========================================================================
Received Import Request.
  Time since last request: 0.000010 seconds.
  path: Assets/LowPolyDungeons/Prefabs/Nature/Ivy_01.prefab
  artifactKey: Guid(c356409003a1b1946adc16e560754367) Importer(815301076,1909f56bfc062723c751e8b465ee728b)
Start importing Assets/LowPolyDungeons/Prefabs/Nature/Ivy_01.prefab using Guid(c356409003a1b1946adc16e560754367) Importer(815301076,1909f56bfc062723c751e8b465ee728b)  -> (artifact id: '81547457e17b191b002ec27816ef5fbb') in 0.010650 seconds
Number of updated asset objects reloaded before import = 0
Number of asset objects unloaded after import = 10
========================================================================
Received Import Request.
  Time since last request: 0.000012 seconds.
  path: Assets/LowPolyDungeons/Prefabs/Nature/Mushroom_08.prefab
  artifactKey: Guid(d10fd02c374eedc48b2364d2c6d032e5) Importer(815301076,1909f56bfc062723c751e8b465ee728b)
Start importing Assets/LowPolyDungeons/Prefabs/Nature/Mushroom_08.prefab using Guid(d10fd02c374eedc48b2364d2c6d032e5) Importer(815301076,1909f56bfc062723c751e8b465ee728b)  -> (artifact id: 'd803057ba8e8b4278191587dd358ba8f') in 0.010097 seconds
Number of updated asset objects reloaded before import = 0
Number of asset objects unloaded after import = 10
========================================================================
Received Import Request.
  Time since last request: 0.000013 seconds.
  path: Assets/LowPolyDungeons/Prefabs/Nature/Mushroom_04.prefab
  artifactKey: Guid(874909b10c038e241909cd9730cc4368) Importer(815301076,1909f56bfc062723c751e8b465ee728b)
Start importing Assets/LowPolyDungeons/Prefabs/Nature/Mushroom_04.prefab using Guid(874909b10c038e241909cd9730cc4368) Importer(815301076,1909f56bfc062723c751e8b465ee728b)  -> (artifact id: '19d3a3a9b4e72014398bcfc1bf733a54') in 0.010291 seconds
Number of updated asset objects reloaded before import = 0
Number of asset objects unloaded after import = 10
========================================================================
Received Import Request.
  Time since last request: 0.000014 seconds.
  path: Assets/LowPolyDungeons/Prefabs/Nature/Ivy_04.prefab
  artifactKey: Guid(88611ef8450b3134baca4ef4dc343598) Importer(815301076,1909f56bfc062723c751e8b465ee728b)
Start importing Assets/LowPolyDungeons/Prefabs/Nature/Ivy_04.prefab using Guid(88611ef8450b3134baca4ef4dc343598) Importer(815301076,1909f56bfc062723c751e8b465ee728b)  -> (artifact id: 'fcd666beac4b4f09e16a66f5a7a59fd3') in 0.010995 seconds
Number of updated asset objects reloaded before import = 0
Number of asset objects unloaded after import = 10
Editor requested this worker to shutdown with reason: Scaling down because of idle timeout
TcpMessagingSession - receive error: operation aborted. errorcode: 995, details: The I/O operation has been aborted because of either a thread exit or an application request.
AssetImportWorker is now disconnected from the server
Process exiting
Exiting without the bug reporter. Application will terminate with return code 0