Using pre-set license
Built from '2022.3/release' branch; Version is '2022.3.5f1 (9674261d40ee) revision 9860134'; Using compiler version '192829333'; Build Type 'Release'
OS: 'Windows 11  (10.0.22621) 64bit Professional' Language: 'en' Physical Memory: 32509 MB
BatchMode: 1, IsHumanControllingUs: 0, StartBugReporterOnCrash: 0, Is64bit: 1, IsPro: 1

COMMAND LINE ARGUMENTS:
C:\Program Files\Unity\Hub\Editor\2022.3.5f1\Editor\Unity.exe
-adb2
-batchMode
-noUpm
-name
AssetImportWorker3
-projectPath
C:/Users/kade/Desktop/Graphics/project-2-infinitegame-studio
-logFile
Logs/AssetImportWorker3.log
-srvPort
55778
Successfully changed project path to: C:/Users/kade/Desktop/Graphics/project-2-infinitegame-studio
C:/Users/kade/Desktop/Graphics/project-2-infinitegame-studio
[UnityMemory] Configuration Parameters - Can be set up in boot.config
    "memorysetup-bucket-allocator-granularity=16"
    "memorysetup-bucket-allocator-bucket-count=8"
    "memorysetup-bucket-allocator-block-size=33554432"
    "memorysetup-bucket-allocator-block-count=8"
    "memorysetup-main-allocator-block-size=16777216"
    "memorysetup-thread-allocator-block-size=16777216"
    "memorysetup-gfx-main-allocator-block-size=16777216"
    "memorysetup-gfx-thread-allocator-block-size=16777216"
    "memorysetup-cache-allocator-block-size=4194304"
    "memorysetup-typetree-allocator-block-size=2097152"
    "memorysetup-profiler-bucket-allocator-granularity=16"
    "memorysetup-profiler-bucket-allocator-bucket-count=8"
    "memorysetup-profiler-bucket-allocator-block-size=33554432"
    "memorysetup-profiler-bucket-allocator-block-count=8"
    "memorysetup-profiler-allocator-block-size=16777216"
    "memorysetup-profiler-editor-allocator-block-size=1048576"
    "memorysetup-temp-allocator-size-main=16777216"
    "memorysetup-job-temp-allocator-block-size=2097152"
    "memorysetup-job-temp-allocator-block-size-background=1048576"
    "memorysetup-job-temp-allocator-reduction-small-platforms=262144"
    "memorysetup-allocator-temp-initial-block-size-main=262144"
    "memorysetup-allocator-temp-initial-block-size-worker=262144"
    "memorysetup-temp-allocator-size-background-worker=32768"
    "memorysetup-temp-allocator-size-job-worker=262144"
    "memorysetup-temp-allocator-size-preload-manager=33554432"
    "memorysetup-temp-allocator-size-nav-mesh-worker=65536"
    "memorysetup-temp-allocator-size-audio-worker=65536"
    "memorysetup-temp-allocator-size-cloud-worker=32768"
    "memorysetup-temp-allocator-size-gi-baking-worker=262144"
    "memorysetup-temp-allocator-size-gfx=262144"
Player connection [40080] Host "[IP] 192.168.50.68 [Port] 0 [Flags] 2 [Guid] 3030749496 [EditorId] 3030749496 [Version] 1048832 [Id] WindowsEditor(7,SoulsCore) [Debug] 1 [PackageName] WindowsEditor [ProjectName] Editor" joined multi-casting on [225.0.0.222:54997]...

Player connection [40080] Host "[IP] 192.168.50.68 [Port] 0 [Flags] 2 [Guid] 3030749496 [EditorId] 3030749496 [Version] 1048832 [Id] WindowsEditor(7,SoulsCore) [Debug] 1 [PackageName] WindowsEditor [ProjectName] Editor" joined alternative multi-casting on [225.0.0.222:34997]...

Refreshing native plugins compatible for Editor in 5.29 ms, found 3 plugins.
Preloading 0 native plugins for Editor in 0.00 ms.
Initialize engine version: 2022.3.5f1 (9674261d40ee)
[Subsystems] Discovering subsystems at path C:/Program Files/Unity/Hub/Editor/2022.3.5f1/Editor/Data/Resources/UnitySubsystems
[Subsystems] Discovering subsystems at path C:/Users/kade/Desktop/Graphics/project-2-infinitegame-studio/Assets
GfxDevice: creating device client; threaded=0; jobified=0
Direct3D:
    Version:  Direct3D 11.0 [level 11.1]
    Renderer: NVIDIA GeForce RTX 3080 (ID=0x2216)
    Vendor:   NVIDIA
    VRAM:     10067 MB
    Driver:   31.0.15.3713
Initialize mono
Mono path[0] = 'C:/Program Files/Unity/Hub/Editor/2022.3.5f1/Editor/Data/Managed'
Mono path[1] = 'C:/Program Files/Unity/Hub/Editor/2022.3.5f1/Editor/Data/MonoBleedingEdge/lib/mono/unityjit-win32'
Mono config path = 'C:/Program Files/Unity/Hub/Editor/2022.3.5f1/Editor/Data/MonoBleedingEdge/etc'
Using monoOptions --debugger-agent=transport=dt_socket,embedding=1,server=y,suspend=n,address=127.0.0.1:56452
Begin MonoManager ReloadAssembly
Registering precompiled unity dll's ...
Register platform support module: C:/Program Files/Unity/Hub/Editor/2022.3.5f1/Editor/Data/PlaybackEngines/WebGLSupport/UnityEditor.WebGL.Extensions.dll
Register platform support module: C:/Program Files/Unity/Hub/Editor/2022.3.5f1/Editor/Data/PlaybackEngines/WindowsStandaloneSupport/UnityEditor.WindowsStandalone.Extensions.dll
Registered in 0.003507 seconds.
- Loaded All Assemblies, in  0.200 seconds
Native extension for WindowsStandalone target not found
Native extension for WebGL target not found
Mono: successfully reloaded assembly
- Finished resetting the current domain, in  0.164 seconds
Domain Reload Profiling: 364ms
	BeginReloadAssembly (47ms)
		ExecutionOrderSort (0ms)
		DisableScriptedObjects (0ms)
		BackupInstance (0ms)
		ReleaseScriptingObjects (0ms)
		CreateAndSetChildDomain (0ms)
	RebuildCommonClasses (20ms)
	RebuildNativeTypeToScriptingClass (6ms)
	initialDomainReloadingComplete (32ms)
	LoadAllAssembliesAndSetupDomain (94ms)
		LoadAssemblies (46ms)
		RebuildTransferFunctionScriptingTraits (0ms)
		AnalyzeDomain (91ms)
			TypeCache.Refresh (91ms)
				TypeCache.ScanAssembly (82ms)
			ScanForSourceGeneratedMonoScriptInfo (0ms)
			ResolveRequiredComponents (0ms)
	FinalizeReload (165ms)
		ReleaseScriptCaches (0ms)
		RebuildScriptCaches (0ms)
		SetupLoadedEditorAssemblies (124ms)
			LogAssemblyErrors (0ms)
			InitializePlatformSupportModulesInManaged (6ms)
			SetLoadedEditorAssemblies (3ms)
			RefreshPlugins (0ms)
			BeforeProcessingInitializeOnLoad (1ms)
			ProcessInitializeOnLoadAttributes (80ms)
			ProcessInitializeOnLoadMethodAttributes (33ms)
			AfterProcessingInitializeOnLoad (0ms)
			EditorAssembliesLoaded (0ms)
		ExecutionOrderSort2 (0ms)
		AwakeInstancesAfterBackupRestoration (0ms)
========================================================================
Worker process is ready to serve import requests
Begin MonoManager ReloadAssembly
- Loaded All Assemblies, in  0.554 seconds
Refreshing native plugins compatible for Editor in 1.92 ms, found 3 plugins.
Native extension for WindowsStandalone target not found
Native extension for WebGL target not found
Package Manager log level set to [2]
[Package Manager] Server::EnsureServerProcessIsRunning -- launch failed, reason: Unity was launched with the -noUpm command-line argument
[Package Manager] UpmClient::Send -- Unable to send message (not connected to UPM process).
[Package Manager] Cannot connect to Unity Package Manager local server
Mono: successfully reloaded assembly
- Finished resetting the current domain, in  0.485 seconds
Domain Reload Profiling: 1038ms
	BeginReloadAssembly (77ms)
		ExecutionOrderSort (0ms)
		DisableScriptedObjects (3ms)
		BackupInstance (0ms)
		ReleaseScriptingObjects (0ms)
		CreateAndSetChildDomain (13ms)
	RebuildCommonClasses (19ms)
	RebuildNativeTypeToScriptingClass (6ms)
	initialDomainReloadingComplete (29ms)
	LoadAllAssembliesAndSetupDomain (422ms)
		LoadAssemblies (192ms)
		RebuildTransferFunctionScriptingTraits (0ms)
		AnalyzeDomain (266ms)
			TypeCache.Refresh (235ms)
				TypeCache.ScanAssembly (227ms)
			ScanForSourceGeneratedMonoScriptInfo (24ms)
			ResolveRequiredComponents (8ms)
	FinalizeReload (485ms)
		ReleaseScriptCaches (0ms)
		RebuildScriptCaches (0ms)
		SetupLoadedEditorAssemblies (366ms)
			LogAssemblyErrors (0ms)
			InitializePlatformSupportModulesInManaged (4ms)
			SetLoadedEditorAssemblies (3ms)
			RefreshPlugins (0ms)
			BeforeProcessingInitializeOnLoad (49ms)
			ProcessInitializeOnLoadAttributes (287ms)
			ProcessInitializeOnLoadMethodAttributes (19ms)
			AfterProcessingInitializeOnLoad (3ms)
			EditorAssembliesLoaded (0ms)
		ExecutionOrderSort2 (0ms)
		AwakeInstancesAfterBackupRestoration (4ms)
Launched and connected shader compiler UnityShaderCompiler.exe after 0.02 seconds
Refreshing native plugins compatible for Editor in 1.79 ms, found 3 plugins.
Preloading 0 native plugins for Editor in 0.00 ms.
Unloading 7179 Unused Serialized files (Serialized files now loaded: 0)
Unloading 262 unused Assets / (16.0 MB). Loaded Objects now: 7502.
Memory consumption went from 332.2 MB to 316.3 MB.
Total: 4.382200 ms (FindLiveObjects: 0.341600 ms CreateObjectMapping: 0.191900 ms MarkObjects: 2.053400 ms  DeleteObjects: 1.794700 ms)

AssetImportParameters requested are different than current active one (requested -> active):
  custom:container-demuxer-ogg: 62fdf1f143b41e24485cea50d1cbac27 -> 
  custom:framework-win-MediaFoundation: 216162199b28c13a410421893ffa2e32 -> 
  custom:container-muxer-webm: aa71ff27fc2769a1b78a27578f13a17b -> 
  custom:video-decoder-webm-vp8: 9c59270c3fd7afecdb556c50c9e8de78 -> 
  custom:AudioImporter_EditorPlatform: d09bf68614088b80899f8185d706f6e7 -> 
  custom:audio-decoder-ogg-vorbis: bf7c407c2cedff20999df2af8eb42d56 -> 
  custom:audio-encoder-webm-vorbis: bf7c407c2cedff20999df2af8eb42d56 -> 
  custom:video-decoder-ogg-theora: a1e56fd34408186e4bbccfd4996cb3dc -> 
  custom:CustomObjectIndexerAttribute: d54d2f2da18e7612c182cf67624b6b12 -> 
  custom:container-demuxer-webm: 4f35f7cbe854078d1ac9338744f61a02 -> 
  custom:video-encoder-webm-vp8: eb34c28f22e8b96e1ab97ce403110664 -> 
========================================================================
Received Import Request.
  Time since last request: 362545.824427 seconds.
  path: Assets/SimpleFantasyInteriors/Prefabs/Props/SM_Prop_Chest_01.prefab
  artifactKey: Guid(be4b8382eb1b6f644895685271cf67c9) Importer(815301076,1909f56bfc062723c751e8b465ee728b)
Start importing Assets/SimpleFantasyInteriors/Prefabs/Props/SM_Prop_Chest_01.prefab using Guid(be4b8382eb1b6f644895685271cf67c9) Importer(815301076,1909f56bfc062723c751e8b465ee728b)  -> (artifact id: '6c2ceafdb348fff1e17d115765ab2f7f') in 0.080145 seconds
Number of updated asset objects reloaded before import = 0
Number of asset objects unloaded after import = 15
========================================================================
Received Import Request.
  Time since last request: 0.000023 seconds.
  path: Assets/SimpleFantasyInteriors/Prefabs/Props/SM_Prop_Fireplace_01.prefab
  artifactKey: Guid(86a32bd5e4600b8448e1b4ad2f25b55e) Importer(815301076,1909f56bfc062723c751e8b465ee728b)
Start importing Assets/SimpleFantasyInteriors/Prefabs/Props/SM_Prop_Fireplace_01.prefab using Guid(86a32bd5e4600b8448e1b4ad2f25b55e) Importer(815301076,1909f56bfc062723c751e8b465ee728b)  -> (artifact id: 'b15c9a2dda2794ab3e6ee2da52df33b8') in 0.012516 seconds
Number of updated asset objects reloaded before import = 0
Number of asset objects unloaded after import = 10
========================================================================
Received Import Request.
  Time since last request: 0.000019 seconds.
  path: Assets/SimpleFantasyInteriors/Prefabs/Props/SM_Prop_Desk_01.prefab
  artifactKey: Guid(a397f554f90b8a646af221c1ba337882) Importer(815301076,1909f56bfc062723c751e8b465ee728b)
Start importing Assets/SimpleFantasyInteriors/Prefabs/Props/SM_Prop_Desk_01.prefab using Guid(a397f554f90b8a646af221c1ba337882) Importer(815301076,1909f56bfc062723c751e8b465ee728b)  -> (artifact id: 'ff491e879bf45912591fb25fe49a5a45') in 0.011060 seconds
Number of updated asset objects reloaded before import = 0
Number of asset objects unloaded after import = 10
========================================================================
Received Import Request.
  Time since last request: 0.000013 seconds.
  path: Assets/SimpleFantasyInteriors/Prefabs/Props/SM_Prop_Curtains_02.prefab
  artifactKey: Guid(050c23f356b72a549b5ab2a48267f836) Importer(815301076,1909f56bfc062723c751e8b465ee728b)
Start importing Assets/SimpleFantasyInteriors/Prefabs/Props/SM_Prop_Curtains_02.prefab using Guid(050c23f356b72a549b5ab2a48267f836) Importer(815301076,1909f56bfc062723c751e8b465ee728b)  -> (artifact id: '32da4e30fdb00dcad3e03f896ea9fe6d') in 0.012992 seconds
Number of updated asset objects reloaded before import = 0
Number of asset objects unloaded after import = 10
========================================================================
Received Import Request.
  Time since last request: 89.201544 seconds.
  path: Assets/SimpleFantasyInteriors/Prefabs/Props/SM_Prop_Bottle_02.prefab
  artifactKey: Guid(b119e382f90885842b805c1f7f2a5c71) Importer(815301076,1909f56bfc062723c751e8b465ee728b)
Start importing Assets/SimpleFantasyInteriors/Prefabs/Props/SM_Prop_Bottle_02.prefab using Guid(b119e382f90885842b805c1f7f2a5c71) Importer(815301076,1909f56bfc062723c751e8b465ee728b)  -> (artifact id: 'c57d9dde4107f7341997abe5df821d39') in 0.009541 seconds
Number of updated asset objects reloaded before import = 0
Number of asset objects unloaded after import = 10
========================================================================
Received Import Request.
  Time since last request: 0.000012 seconds.
  path: Assets/SimpleFantasyInteriors/Prefabs/Props/SM_Prop_Cabinets_03.prefab
  artifactKey: Guid(3e5bd4f242b522343a49cfb83dadc036) Importer(815301076,1909f56bfc062723c751e8b465ee728b)
Start importing Assets/SimpleFantasyInteriors/Prefabs/Props/SM_Prop_Cabinets_03.prefab using Guid(3e5bd4f242b522343a49cfb83dadc036) Importer(815301076,1909f56bfc062723c751e8b465ee728b)  -> (artifact id: '2cd3145e902b72bda41d2517d7b7cdb5') in 0.028670 seconds
Number of updated asset objects reloaded before import = 0
Number of asset objects unloaded after import = 10
========================================================================
Received Import Request.
  Time since last request: 0.000013 seconds.
  path: Assets/SimpleFantasyInteriors/Prefabs/Props/SM_Prop_Chair_01.prefab
  artifactKey: Guid(91c92852a992745438a4f47d08cb595b) Importer(815301076,1909f56bfc062723c751e8b465ee728b)
Start importing Assets/SimpleFantasyInteriors/Prefabs/Props/SM_Prop_Chair_01.prefab using Guid(91c92852a992745438a4f47d08cb595b) Importer(815301076,1909f56bfc062723c751e8b465ee728b)  -> (artifact id: 'a21162f8ff869e08e684078de30109d3') in 0.005181 seconds
Number of updated asset objects reloaded before import = 0
Number of asset objects unloaded after import = 10
========================================================================
Received Import Request.
  Time since last request: 0.000011 seconds.
  path: Assets/SimpleFantasyInteriors/Prefabs/Props/SM_Prop_Candle_01.prefab
  artifactKey: Guid(cc8392f280fbd0049b97e76d7245a47b) Importer(815301076,1909f56bfc062723c751e8b465ee728b)
Start importing Assets/SimpleFantasyInteriors/Prefabs/Props/SM_Prop_Candle_01.prefab using Guid(cc8392f280fbd0049b97e76d7245a47b) Importer(815301076,1909f56bfc062723c751e8b465ee728b)  -> (artifact id: '253b3c8f336e4d9bd13e38ee28589b7b') in 0.010562 seconds
Number of updated asset objects reloaded before import = 0
Number of asset objects unloaded after import = 10
========================================================================
Received Import Request.
  Time since last request: 0.000018 seconds.
  path: Assets/SimpleFantasyInteriors/Prefabs/Props/SM_Prop_Chair_04.prefab
  artifactKey: Guid(3c4cbaf340f8f8f4080e1ef82977f27f) Importer(815301076,1909f56bfc062723c751e8b465ee728b)
Start importing Assets/SimpleFantasyInteriors/Prefabs/Props/SM_Prop_Chair_04.prefab using Guid(3c4cbaf340f8f8f4080e1ef82977f27f) Importer(815301076,1909f56bfc062723c751e8b465ee728b)  -> (artifact id: '834e77ee26040ac1206cee3f97b417d7') in 0.010807 seconds
Number of updated asset objects reloaded before import = 0
Number of asset objects unloaded after import = 10
========================================================================
Received Import Request.
  Time since last request: 0.000074 seconds.
  path: Assets/SimpleFantasyInteriors/Prefabs/Props/SM_Prop_CandleHolder_01.prefab
  artifactKey: Guid(544c37f326903274698a74ae2e52b7de) Importer(815301076,1909f56bfc062723c751e8b465ee728b)
Start importing Assets/SimpleFantasyInteriors/Prefabs/Props/SM_Prop_CandleHolder_01.prefab using Guid(544c37f326903274698a74ae2e52b7de) Importer(815301076,1909f56bfc062723c751e8b465ee728b)  -> (artifact id: 'ff8569e8618381465b64f12db07946c1') in 0.011097 seconds
Number of updated asset objects reloaded before import = 0
Number of asset objects unloaded after import = 10
========================================================================
Received Import Request.
  Time since last request: 0.000014 seconds.
  path: Assets/SimpleFantasyInteriors/Prefabs/Props/SM_Prop_CandleStand_01.prefab
  artifactKey: Guid(0a3c575733e80a14ebe73f911a41aacd) Importer(815301076,1909f56bfc062723c751e8b465ee728b)
Start importing Assets/SimpleFantasyInteriors/Prefabs/Props/SM_Prop_CandleStand_01.prefab using Guid(0a3c575733e80a14ebe73f911a41aacd) Importer(815301076,1909f56bfc062723c751e8b465ee728b)  -> (artifact id: '344bdbf668d08abe74020761ab43504b') in 0.005212 seconds
Number of updated asset objects reloaded before import = 0
Number of asset objects unloaded after import = 10
========================================================================
Received Import Request.
  Time since last request: 0.000021 seconds.
  path: Assets/SimpleFantasyInteriors/Prefabs/Props/SM_Prop_Cabinets_02.prefab
  artifactKey: Guid(8ed1421600ad85849aabd53fcbddbb7c) Importer(815301076,1909f56bfc062723c751e8b465ee728b)
Start importing Assets/SimpleFantasyInteriors/Prefabs/Props/SM_Prop_Cabinets_02.prefab using Guid(8ed1421600ad85849aabd53fcbddbb7c) Importer(815301076,1909f56bfc062723c751e8b465ee728b)  -> (artifact id: '9ddb0843b369df759fc923405456758d') in 0.005973 seconds
Number of updated asset objects reloaded before import = 0
Number of asset objects unloaded after import = 10
========================================================================
Received Import Request.
  Time since last request: 0.000011 seconds.
  path: Assets/SimpleFantasyInteriors/Prefabs/Props/SM_Prop_Chair_06.prefab
  artifactKey: Guid(98220254d1136024ab185d93da258283) Importer(815301076,1909f56bfc062723c751e8b465ee728b)
Start importing Assets/SimpleFantasyInteriors/Prefabs/Props/SM_Prop_Chair_06.prefab using Guid(98220254d1136024ab185d93da258283) Importer(815301076,1909f56bfc062723c751e8b465ee728b)  -> (artifact id: '9aefdf40dd2c47c900fc1a4a716c8970') in 0.007775 seconds
Number of updated asset objects reloaded before import = 0
Number of asset objects unloaded after import = 10
Editor requested this worker to shutdown with reason: Scaling down because of idle timeout
TcpMessagingSession - receive error: operation aborted. errorcode: 995, details: The I/O operation has been aborted because of either a thread exit or an application request.
AssetImportWorker is now disconnected from the server
Process exiting
Exiting without the bug reporter. Application will terminate with return code 0