Using pre-set license
Built from '2022.3/release' branch; Version is '2022.3.5f1 (9674261d40ee) revision 9860134'; Using compiler version '192829333'; Build Type 'Release'
OS: 'Windows 11  (10.0.22621) 64bit Professional' Language: 'en' Physical Memory: 32509 MB
BatchMode: 1, IsHumanControllingUs: 0, StartBugReporterOnCrash: 0, Is64bit: 1, IsPro: 1

COMMAND LINE ARGUMENTS:
C:\Program Files\Unity\Hub\Editor\2022.3.5f1\Editor\Unity.exe
-adb2
-batchMode
-noUpm
-name
AssetImportWorker10
-projectPath
C:/Users/kade/Desktop/Graphics/project-2-infinitegame-studio
-logFile
Logs/AssetImportWorker10.log
-srvPort
50700
Successfully changed project path to: C:/Users/kade/Desktop/Graphics/project-2-infinitegame-studio
C:/Users/kade/Desktop/Graphics/project-2-infinitegame-studio
[UnityMemory] Configuration Parameters - Can be set up in boot.config
    "memorysetup-bucket-allocator-granularity=16"
    "memorysetup-bucket-allocator-bucket-count=8"
    "memorysetup-bucket-allocator-block-size=33554432"
    "memorysetup-bucket-allocator-block-count=8"
    "memorysetup-main-allocator-block-size=16777216"
    "memorysetup-thread-allocator-block-size=16777216"
    "memorysetup-gfx-main-allocator-block-size=16777216"
    "memorysetup-gfx-thread-allocator-block-size=16777216"
    "memorysetup-cache-allocator-block-size=4194304"
    "memorysetup-typetree-allocator-block-size=2097152"
    "memorysetup-profiler-bucket-allocator-granularity=16"
    "memorysetup-profiler-bucket-allocator-bucket-count=8"
    "memorysetup-profiler-bucket-allocator-block-size=33554432"
    "memorysetup-profiler-bucket-allocator-block-count=8"
    "memorysetup-profiler-allocator-block-size=16777216"
    "memorysetup-profiler-editor-allocator-block-size=1048576"
    "memorysetup-temp-allocator-size-main=16777216"
    "memorysetup-job-temp-allocator-block-size=2097152"
    "memorysetup-job-temp-allocator-block-size-background=1048576"
    "memorysetup-job-temp-allocator-reduction-small-platforms=262144"
    "memorysetup-allocator-temp-initial-block-size-main=262144"
    "memorysetup-allocator-temp-initial-block-size-worker=262144"
    "memorysetup-temp-allocator-size-background-worker=32768"
    "memorysetup-temp-allocator-size-job-worker=262144"
    "memorysetup-temp-allocator-size-preload-manager=33554432"
    "memorysetup-temp-allocator-size-nav-mesh-worker=65536"
    "memorysetup-temp-allocator-size-audio-worker=65536"
    "memorysetup-temp-allocator-size-cloud-worker=32768"
    "memorysetup-temp-allocator-size-gi-baking-worker=262144"
    "memorysetup-temp-allocator-size-gfx=262144"
Player connection [21480] Host "[IP] 192.168.50.68 [Port] 0 [Flags] 2 [Guid] 2341918627 [EditorId] 2341918627 [Version] 1048832 [Id] WindowsEditor(7,SoulsCore) [Debug] 1 [PackageName] WindowsEditor [ProjectName] Editor" joined multi-casting on [225.0.0.222:54997]...

Player connection [21480] Host "[IP] 192.168.50.68 [Port] 0 [Flags] 2 [Guid] 2341918627 [EditorId] 2341918627 [Version] 1048832 [Id] WindowsEditor(7,SoulsCore) [Debug] 1 [PackageName] WindowsEditor [ProjectName] Editor" joined alternative multi-casting on [225.0.0.222:34997]...

Refreshing native plugins compatible for Editor in 6.73 ms, found 3 plugins.
Preloading 0 native plugins for Editor in 0.00 ms.
Initialize engine version: 2022.3.5f1 (9674261d40ee)
[Subsystems] Discovering subsystems at path C:/Program Files/Unity/Hub/Editor/2022.3.5f1/Editor/Data/Resources/UnitySubsystems
[Subsystems] Discovering subsystems at path C:/Users/kade/Desktop/Graphics/project-2-infinitegame-studio/Assets
GfxDevice: creating device client; threaded=0; jobified=0
Direct3D:
    Version:  Direct3D 11.0 [level 11.1]
    Renderer: NVIDIA GeForce RTX 3080 (ID=0x2216)
    Vendor:   NVIDIA
    VRAM:     10067 MB
    Driver:   31.0.15.3713
Initialize mono
Mono path[0] = 'C:/Program Files/Unity/Hub/Editor/2022.3.5f1/Editor/Data/Managed'
Mono path[1] = 'C:/Program Files/Unity/Hub/Editor/2022.3.5f1/Editor/Data/MonoBleedingEdge/lib/mono/unityjit-win32'
Mono config path = 'C:/Program Files/Unity/Hub/Editor/2022.3.5f1/Editor/Data/MonoBleedingEdge/etc'
Using monoOptions --debugger-agent=transport=dt_socket,embedding=1,server=y,suspend=n,address=127.0.0.1:56528
Begin MonoManager ReloadAssembly
Registering precompiled unity dll's ...
Register platform support module: C:/Program Files/Unity/Hub/Editor/2022.3.5f1/Editor/Data/PlaybackEngines/WebGLSupport/UnityEditor.WebGL.Extensions.dll
Register platform support module: C:/Program Files/Unity/Hub/Editor/2022.3.5f1/Editor/Data/PlaybackEngines/WindowsStandaloneSupport/UnityEditor.WindowsStandalone.Extensions.dll
Registered in 0.003501 seconds.
- Loaded All Assemblies, in  0.191 seconds
Native extension for WindowsStandalone target not found
Native extension for WebGL target not found
Mono: successfully reloaded assembly
- Finished resetting the current domain, in  0.152 seconds
Domain Reload Profiling: 343ms
	BeginReloadAssembly (48ms)
		ExecutionOrderSort (0ms)
		DisableScriptedObjects (0ms)
		BackupInstance (0ms)
		ReleaseScriptingObjects (0ms)
		CreateAndSetChildDomain (0ms)
	RebuildCommonClasses (20ms)
	RebuildNativeTypeToScriptingClass (6ms)
	initialDomainReloadingComplete (33ms)
	LoadAllAssembliesAndSetupDomain (83ms)
		LoadAssemblies (47ms)
		RebuildTransferFunctionScriptingTraits (0ms)
		AnalyzeDomain (80ms)
			TypeCache.Refresh (80ms)
				TypeCache.ScanAssembly (73ms)
			ScanForSourceGeneratedMonoScriptInfo (0ms)
			ResolveRequiredComponents (0ms)
	FinalizeReload (152ms)
		ReleaseScriptCaches (0ms)
		RebuildScriptCaches (0ms)
		SetupLoadedEditorAssemblies (118ms)
			LogAssemblyErrors (0ms)
			InitializePlatformSupportModulesInManaged (6ms)
			SetLoadedEditorAssemblies (3ms)
			RefreshPlugins (0ms)
			BeforeProcessingInitializeOnLoad (1ms)
			ProcessInitializeOnLoadAttributes (78ms)
			ProcessInitializeOnLoadMethodAttributes (29ms)
			AfterProcessingInitializeOnLoad (0ms)
			EditorAssembliesLoaded (0ms)
		ExecutionOrderSort2 (0ms)
		AwakeInstancesAfterBackupRestoration (0ms)
========================================================================
Worker process is ready to serve import requests
Begin MonoManager ReloadAssembly
- Loaded All Assemblies, in  0.517 seconds
Refreshing native plugins compatible for Editor in 2.01 ms, found 3 plugins.
Native extension for WindowsStandalone target not found
Native extension for WebGL target not found
Package Manager log level set to [2]
[Package Manager] Server::EnsureServerProcessIsRunning -- launch failed, reason: Unity was launched with the -noUpm command-line argument
[Package Manager] UpmClient::Send -- Unable to send message (not connected to UPM process).
[Package Manager] Cannot connect to Unity Package Manager local server
Mono: successfully reloaded assembly
- Finished resetting the current domain, in  0.504 seconds
Domain Reload Profiling: 1020ms
	BeginReloadAssembly (73ms)
		ExecutionOrderSort (0ms)
		DisableScriptedObjects (3ms)
		BackupInstance (0ms)
		ReleaseScriptingObjects (0ms)
		CreateAndSetChildDomain (13ms)
	RebuildCommonClasses (20ms)
	RebuildNativeTypeToScriptingClass (6ms)
	initialDomainReloadingComplete (25ms)
	LoadAllAssembliesAndSetupDomain (391ms)
		LoadAssemblies (182ms)
		RebuildTransferFunctionScriptingTraits (0ms)
		AnalyzeDomain (241ms)
			TypeCache.Refresh (215ms)
				TypeCache.ScanAssembly (208ms)
			ScanForSourceGeneratedMonoScriptInfo (19ms)
			ResolveRequiredComponents (7ms)
	FinalizeReload (504ms)
		ReleaseScriptCaches (0ms)
		RebuildScriptCaches (0ms)
		SetupLoadedEditorAssemblies (385ms)
			LogAssemblyErrors (0ms)
			InitializePlatformSupportModulesInManaged (4ms)
			SetLoadedEditorAssemblies (3ms)
			RefreshPlugins (0ms)
			BeforeProcessingInitializeOnLoad (51ms)
			ProcessInitializeOnLoadAttributes (304ms)
			ProcessInitializeOnLoadMethodAttributes (20ms)
			AfterProcessingInitializeOnLoad (3ms)
			EditorAssembliesLoaded (0ms)
		ExecutionOrderSort2 (0ms)
		AwakeInstancesAfterBackupRestoration (4ms)
Launched and connected shader compiler UnityShaderCompiler.exe after 0.03 seconds
Refreshing native plugins compatible for Editor in 2.30 ms, found 3 plugins.
Preloading 0 native plugins for Editor in 0.00 ms.
Unloading 7179 Unused Serialized files (Serialized files now loaded: 0)
Unloading 262 unused Assets / (16.0 MB). Loaded Objects now: 7502.
Memory consumption went from 332.2 MB to 316.2 MB.
Total: 5.216200 ms (FindLiveObjects: 0.354500 ms CreateObjectMapping: 0.272500 ms MarkObjects: 2.527200 ms  DeleteObjects: 2.060900 ms)

AssetImportParameters requested are different than current active one (requested -> active):
  custom:container-demuxer-ogg: 62fdf1f143b41e24485cea50d1cbac27 -> 
  custom:framework-win-MediaFoundation: 216162199b28c13a410421893ffa2e32 -> 
  custom:container-muxer-webm: aa71ff27fc2769a1b78a27578f13a17b -> 
  custom:video-decoder-webm-vp8: 9c59270c3fd7afecdb556c50c9e8de78 -> 
  custom:AudioImporter_EditorPlatform: d09bf68614088b80899f8185d706f6e7 -> 
  custom:audio-decoder-ogg-vorbis: bf7c407c2cedff20999df2af8eb42d56 -> 
  custom:audio-encoder-webm-vorbis: bf7c407c2cedff20999df2af8eb42d56 -> 
  custom:video-decoder-ogg-theora: a1e56fd34408186e4bbccfd4996cb3dc -> 
  custom:CustomObjectIndexerAttribute: d54d2f2da18e7612c182cf67624b6b12 -> 
  custom:container-demuxer-webm: 4f35f7cbe854078d1ac9338744f61a02 -> 
  custom:video-encoder-webm-vp8: eb34c28f22e8b96e1ab97ce403110664 -> 
========================================================================
Received Import Request.
  Time since last request: 360090.861915 seconds.
  path: Assets/SimpleFantasyInteriors/Prefabs/Props/SM_Prop_Spoon_01.prefab
  artifactKey: Guid(e1cc1946aeb90b54ca848d91bbd13a6e) Importer(815301076,1909f56bfc062723c751e8b465ee728b)
Start importing Assets/SimpleFantasyInteriors/Prefabs/Props/SM_Prop_Spoon_01.prefab using Guid(e1cc1946aeb90b54ca848d91bbd13a6e) Importer(815301076,1909f56bfc062723c751e8b465ee728b)  -> (artifact id: '99aa0d116765c030db471fed0a8af0f0') in 0.076607 seconds
Number of updated asset objects reloaded before import = 0
Number of asset objects unloaded after import = 9
========================================================================
Received Import Request.
  Time since last request: 0.000020 seconds.
  path: Assets/SimpleFantasyInteriors/Prefabs/Props/SM_Prop_Vase_02.prefab
  artifactKey: Guid(4a92ef047c4860a49ba4eacd0e731350) Importer(815301076,1909f56bfc062723c751e8b465ee728b)
Start importing Assets/SimpleFantasyInteriors/Prefabs/Props/SM_Prop_Vase_02.prefab using Guid(4a92ef047c4860a49ba4eacd0e731350) Importer(815301076,1909f56bfc062723c751e8b465ee728b)  -> (artifact id: 'ce228889316737caa097bdf5a9cfb378') in 0.011412 seconds
Number of updated asset objects reloaded before import = 0
Number of asset objects unloaded after import = 9
========================================================================
Received Import Request.
  Time since last request: 0.000019 seconds.
  path: Assets/SimpleFantasyInteriors/Prefabs/Props/SM_Prop_Table_Preset_02.prefab
  artifactKey: Guid(c7a2a6f1a9234864eb7650f2156aa73e) Importer(815301076,1909f56bfc062723c751e8b465ee728b)
Start importing Assets/SimpleFantasyInteriors/Prefabs/Props/SM_Prop_Table_Preset_02.prefab using Guid(c7a2a6f1a9234864eb7650f2156aa73e) Importer(815301076,1909f56bfc062723c751e8b465ee728b)  -> (artifact id: 'ace2fd054786a78999461409ad7c45aa') in 0.009572 seconds
Number of updated asset objects reloaded before import = 0
Number of asset objects unloaded after import = 9
========================================================================
Received Import Request.
  Time since last request: 0.000012 seconds.
  path: Assets/SimpleFantasyInteriors/Prefabs/Props/SM_Prop_Table_Preset_01.prefab
  artifactKey: Guid(9158b56815095e04393c92d45c07605d) Importer(815301076,1909f56bfc062723c751e8b465ee728b)
Start importing Assets/SimpleFantasyInteriors/Prefabs/Props/SM_Prop_Table_Preset_01.prefab using Guid(9158b56815095e04393c92d45c07605d) Importer(815301076,1909f56bfc062723c751e8b465ee728b)  -> (artifact id: 'a9109d577a50714c6717f990ba685ce5') in 0.014543 seconds
Number of updated asset objects reloaded before import = 0
Number of asset objects unloaded after import = 9
========================================================================
Received Import Request.
  Time since last request: 0.000012 seconds.
  path: Assets/SimpleFantasyInteriors/Prefabs/Props/SM_Prop_WallWeapon_01.prefab
  artifactKey: Guid(a551d2936fdc42c4bb15fb4af9761652) Importer(815301076,1909f56bfc062723c751e8b465ee728b)
Start importing Assets/SimpleFantasyInteriors/Prefabs/Props/SM_Prop_WallWeapon_01.prefab using Guid(a551d2936fdc42c4bb15fb4af9761652) Importer(815301076,1909f56bfc062723c751e8b465ee728b)  -> (artifact id: 'd2be7bbfc2e6dfade186e0761fa6f491') in 0.012733 seconds
Number of updated asset objects reloaded before import = 0
Number of asset objects unloaded after import = 9
========================================================================
Received Import Request.
  Time since last request: 0.000013 seconds.
  path: Assets/SimpleFantasyInteriors/Prefabs/Props/SM_Prop_Throne_03.prefab
  artifactKey: Guid(01e2cea282ea991419eb2e4d0fbed9c1) Importer(815301076,1909f56bfc062723c751e8b465ee728b)
Start importing Assets/SimpleFantasyInteriors/Prefabs/Props/SM_Prop_Throne_03.prefab using Guid(01e2cea282ea991419eb2e4d0fbed9c1) Importer(815301076,1909f56bfc062723c751e8b465ee728b)  -> (artifact id: '64018368907e70da5bd5489da3c42586') in 0.017539 seconds
Number of updated asset objects reloaded before import = 0
Number of asset objects unloaded after import = 9
========================================================================
Received Import Request.
  Time since last request: 0.000013 seconds.
  path: Assets/SimpleFantasyInteriors/Prefabs/Props/SM_Prop_Vase_Large_01.prefab
  artifactKey: Guid(94d48f8eb633bb24bb76d8e0e4b1d8b1) Importer(815301076,1909f56bfc062723c751e8b465ee728b)
Start importing Assets/SimpleFantasyInteriors/Prefabs/Props/SM_Prop_Vase_Large_01.prefab using Guid(94d48f8eb633bb24bb76d8e0e4b1d8b1) Importer(815301076,1909f56bfc062723c751e8b465ee728b)  -> (artifact id: 'abfc8e0cded4b3082ae4354aec49c63e') in 0.013156 seconds
Number of updated asset objects reloaded before import = 0
Number of asset objects unloaded after import = 9
========================================================================
Received Import Request.
  Time since last request: 320.086951 seconds.
  path: Assets/SimpleFantasyInteriors/Prefabs/Props/hall_rug_large Variant.prefab
  artifactKey: Guid(92f6972084b78fe45b24ba98b201b8f5) Importer(815301076,1909f56bfc062723c751e8b465ee728b)
Start importing Assets/SimpleFantasyInteriors/Prefabs/Props/hall_rug_large Variant.prefab using Guid(92f6972084b78fe45b24ba98b201b8f5) Importer(815301076,1909f56bfc062723c751e8b465ee728b)  -> (artifact id: '304d56581c68b691dfe68263ce31351b') in 0.007814 seconds
Number of updated asset objects reloaded before import = 0
Number of asset objects unloaded after import = 16
========================================================================
Received Import Request.
  Time since last request: 0.000013 seconds.
  path: Assets/SimpleFantasyInteriors/Prefabs/Props/SM_Prop_Cabinets_03.prefab
  artifactKey: Guid(3e5bd4f242b522343a49cfb83dadc036) Importer(815301076,1909f56bfc062723c751e8b465ee728b)
Start importing Assets/SimpleFantasyInteriors/Prefabs/Props/SM_Prop_Cabinets_03.prefab using Guid(3e5bd4f242b522343a49cfb83dadc036) Importer(815301076,1909f56bfc062723c751e8b465ee728b)  -> (artifact id: '10241082c54b7b96163b5d7a52a9d434') in 0.005207 seconds
Number of updated asset objects reloaded before import = 0
Number of asset objects unloaded after import = 9
========================================================================
Received Import Request.
  Time since last request: 0.000012 seconds.
  path: Assets/SimpleFantasyInteriors/Prefabs/Props/SM_Prop_Meat_02.prefab
  artifactKey: Guid(f4d02cc96790be440aef28fe5d60cc30) Importer(815301076,1909f56bfc062723c751e8b465ee728b)
Start importing Assets/SimpleFantasyInteriors/Prefabs/Props/SM_Prop_Meat_02.prefab using Guid(f4d02cc96790be440aef28fe5d60cc30) Importer(815301076,1909f56bfc062723c751e8b465ee728b)  -> (artifact id: 'f9ad0d3f063bc3bb42b561e3f7542389') in 0.005922 seconds
Number of updated asset objects reloaded before import = 0
Number of asset objects unloaded after import = 9
========================================================================
Received Import Request.
  Time since last request: 0.000012 seconds.
  path: Assets/SimpleFantasyInteriors/Prefabs/Props/SM_Prop_Drink_01.prefab
  artifactKey: Guid(01020db52291b2f4fb1fdb5963bf7809) Importer(815301076,1909f56bfc062723c751e8b465ee728b)
Start importing Assets/SimpleFantasyInteriors/Prefabs/Props/SM_Prop_Drink_01.prefab using Guid(01020db52291b2f4fb1fdb5963bf7809) Importer(815301076,1909f56bfc062723c751e8b465ee728b)  -> (artifact id: '4bf66145961ff2596f1250ff772969bb') in 0.005793 seconds
Number of updated asset objects reloaded before import = 0
Number of asset objects unloaded after import = 9
========================================================================
Received Import Request.
  Time since last request: 0.000011 seconds.
  path: Assets/SimpleFantasyInteriors/Prefabs/Props/SM_Prop_Bed_05.prefab
  artifactKey: Guid(bd41e50bd36158144bf2dcf37337bb29) Importer(815301076,1909f56bfc062723c751e8b465ee728b)
Start importing Assets/SimpleFantasyInteriors/Prefabs/Props/SM_Prop_Bed_05.prefab using Guid(bd41e50bd36158144bf2dcf37337bb29) Importer(815301076,1909f56bfc062723c751e8b465ee728b)  -> (artifact id: '24ecfbaa440ad1a2f72b033f5777dde7') in 0.010057 seconds
Number of updated asset objects reloaded before import = 0
Number of asset objects unloaded after import = 9
========================================================================
Received Import Request.
  Time since last request: 0.000015 seconds.
  path: Assets/SimpleFantasyInteriors/Prefabs/Props/SM_Prop_Crate_02.prefab
  artifactKey: Guid(6391d0758f4f45140a50db5df903916a) Importer(815301076,1909f56bfc062723c751e8b465ee728b)
Start importing Assets/SimpleFantasyInteriors/Prefabs/Props/SM_Prop_Crate_02.prefab using Guid(6391d0758f4f45140a50db5df903916a) Importer(815301076,1909f56bfc062723c751e8b465ee728b)  -> (artifact id: 'f0a13b8dfd3435a0197f779d9d0d8cf0') in 0.005056 seconds
Number of updated asset objects reloaded before import = 0
Number of asset objects unloaded after import = 9
========================================================================
Received Import Request.
  Time since last request: 0.000018 seconds.
  path: Assets/SimpleFantasyInteriors/Prefabs/Props/SM_Prop_Banner_Small_04.prefab
  artifactKey: Guid(41883ccef63b34f4f9717a95efd464cf) Importer(815301076,1909f56bfc062723c751e8b465ee728b)
Start importing Assets/SimpleFantasyInteriors/Prefabs/Props/SM_Prop_Banner_Small_04.prefab using Guid(41883ccef63b34f4f9717a95efd464cf) Importer(815301076,1909f56bfc062723c751e8b465ee728b)  -> (artifact id: '038d27fb01808a201f241d09ec9cb467') in 0.005112 seconds
Number of updated asset objects reloaded before import = 0
Number of asset objects unloaded after import = 9
========================================================================
Received Import Request.
  Time since last request: 0.000011 seconds.
  path: Assets/SimpleFantasyInteriors/Prefabs/Props/SM_Prop_Bed_07.prefab
  artifactKey: Guid(7fd432e28edce6d49ab75849161f10b8) Importer(815301076,1909f56bfc062723c751e8b465ee728b)
Start importing Assets/SimpleFantasyInteriors/Prefabs/Props/SM_Prop_Bed_07.prefab using Guid(7fd432e28edce6d49ab75849161f10b8) Importer(815301076,1909f56bfc062723c751e8b465ee728b)  -> (artifact id: '8e3e4543a27a531c021fa8385569b9a5') in 0.004959 seconds
Number of updated asset objects reloaded before import = 0
Number of asset objects unloaded after import = 9
========================================================================
Received Import Request.
  Time since last request: 0.000011 seconds.
  path: Assets/SimpleFantasyInteriors/Prefabs/Props/SM_Prop_Barrel_Cabinet_01.prefab
  artifactKey: Guid(b6904db90246ce64b93409f8fe580ed1) Importer(815301076,1909f56bfc062723c751e8b465ee728b)
Start importing Assets/SimpleFantasyInteriors/Prefabs/Props/SM_Prop_Barrel_Cabinet_01.prefab using Guid(b6904db90246ce64b93409f8fe580ed1) Importer(815301076,1909f56bfc062723c751e8b465ee728b)  -> (artifact id: '265e732ec643caee7d7c2ba4ad4dffe2') in 0.005224 seconds
Number of updated asset objects reloaded before import = 0
Number of asset objects unloaded after import = 9
========================================================================
Received Import Request.
  Time since last request: 0.000011 seconds.
  path: Assets/SimpleFantasyInteriors/Prefabs/Props/SM_Prop_Logstand_01.prefab
  artifactKey: Guid(3058188e61789c442998a713744453dc) Importer(815301076,1909f56bfc062723c751e8b465ee728b)
Start importing Assets/SimpleFantasyInteriors/Prefabs/Props/SM_Prop_Logstand_01.prefab using Guid(3058188e61789c442998a713744453dc) Importer(815301076,1909f56bfc062723c751e8b465ee728b)  -> (artifact id: 'acd317e12825893eee34564db4ee7ad6') in 0.005185 seconds
Number of updated asset objects reloaded before import = 0
Number of asset objects unloaded after import = 9
========================================================================
Received Import Request.
  Time since last request: 0.000010 seconds.
  path: Assets/SimpleFantasyInteriors/Prefabs/Props/SM_Prop_Fork_01.prefab
  artifactKey: Guid(2cb1fd6a4f622464aaecad3b378a4e0d) Importer(815301076,1909f56bfc062723c751e8b465ee728b)
Start importing Assets/SimpleFantasyInteriors/Prefabs/Props/SM_Prop_Fork_01.prefab using Guid(2cb1fd6a4f622464aaecad3b378a4e0d) Importer(815301076,1909f56bfc062723c751e8b465ee728b)  -> (artifact id: 'b01b59ded5057be50fd609e8a1ed3b59') in 0.004872 seconds
Number of updated asset objects reloaded before import = 0
Number of asset objects unloaded after import = 9
========================================================================
Received Import Request.
  Time since last request: 0.000012 seconds.
  path: Assets/SimpleFantasyInteriors/Prefabs/Props/SM_Prop_Curtains_02.prefab
  artifactKey: Guid(050c23f356b72a549b5ab2a48267f836) Importer(815301076,1909f56bfc062723c751e8b465ee728b)
Start importing Assets/SimpleFantasyInteriors/Prefabs/Props/SM_Prop_Curtains_02.prefab using Guid(050c23f356b72a549b5ab2a48267f836) Importer(815301076,1909f56bfc062723c751e8b465ee728b)  -> (artifact id: '811e06c1d010b90bef81f632ff35a7fc') in 0.005415 seconds
Number of updated asset objects reloaded before import = 0
Number of asset objects unloaded after import = 9
========================================================================
Received Import Request.
  Time since last request: 0.000012 seconds.
  path: Assets/SimpleFantasyInteriors/Prefabs/Props/SM_Prop_Chair_02.prefab
  artifactKey: Guid(16262eae870fbd7429391273ea393759) Importer(815301076,1909f56bfc062723c751e8b465ee728b)
Start importing Assets/SimpleFantasyInteriors/Prefabs/Props/SM_Prop_Chair_02.prefab using Guid(16262eae870fbd7429391273ea393759) Importer(815301076,1909f56bfc062723c751e8b465ee728b)  -> (artifact id: '84335571b706233ba0dbece179492856') in 0.010160 seconds
Number of updated asset objects reloaded before import = 0
Number of asset objects unloaded after import = 9
========================================================================
Received Import Request.
  Time since last request: 0.000013 seconds.
  path: Assets/SimpleFantasyInteriors/Prefabs/Props/SM_Prop_Pig_Dead_01.prefab
  artifactKey: Guid(fdecf1513e85bcf4a8af208171e761a8) Importer(815301076,1909f56bfc062723c751e8b465ee728b)
Start importing Assets/SimpleFantasyInteriors/Prefabs/Props/SM_Prop_Pig_Dead_01.prefab using Guid(fdecf1513e85bcf4a8af208171e761a8) Importer(815301076,1909f56bfc062723c751e8b465ee728b)  -> (artifact id: 'dae89125ffe3838f9f732403ce0c5903') in 0.004913 seconds
Number of updated asset objects reloaded before import = 0
Number of asset objects unloaded after import = 9
========================================================================
Received Import Request.
  Time since last request: 0.000009 seconds.
  path: Assets/SimpleFantasyInteriors/Prefabs/Props/SM_Prop_Pot_01.prefab
  artifactKey: Guid(fa419509bf03b1b49a4d9c3c4457ee21) Importer(815301076,1909f56bfc062723c751e8b465ee728b)
Start importing Assets/SimpleFantasyInteriors/Prefabs/Props/SM_Prop_Pot_01.prefab using Guid(fa419509bf03b1b49a4d9c3c4457ee21) Importer(815301076,1909f56bfc062723c751e8b465ee728b)  -> (artifact id: '455dbd0da9877a7eda4330d8fd6efc33') in 0.005821 seconds
Number of updated asset objects reloaded before import = 0
Number of asset objects unloaded after import = 9
========================================================================
Received Import Request.
  Time since last request: 0.000010 seconds.
  path: Assets/SimpleFantasyInteriors/Prefabs/Props/SM_Prop_Chandelier_01.prefab
  artifactKey: Guid(e850374cbdad7a243b97af66287df88e) Importer(815301076,1909f56bfc062723c751e8b465ee728b)
Start importing Assets/SimpleFantasyInteriors/Prefabs/Props/SM_Prop_Chandelier_01.prefab using Guid(e850374cbdad7a243b97af66287df88e) Importer(815301076,1909f56bfc062723c751e8b465ee728b)  -> (artifact id: '29a132f93ee8474b9fd59ca9c958e1c3') in 0.005556 seconds
Number of updated asset objects reloaded before import = 0
Number of asset objects unloaded after import = 9
========================================================================
Received Import Request.
  Time since last request: 0.000011 seconds.
  path: Assets/SimpleFantasyInteriors/Prefabs/Props/SM_Prop_Drink_02.prefab
  artifactKey: Guid(2f00df2e9cf23664dab28b1eb85ca15d) Importer(815301076,1909f56bfc062723c751e8b465ee728b)
Start importing Assets/SimpleFantasyInteriors/Prefabs/Props/SM_Prop_Drink_02.prefab using Guid(2f00df2e9cf23664dab28b1eb85ca15d) Importer(815301076,1909f56bfc062723c751e8b465ee728b)  -> (artifact id: '056b4b7875b67b6e37201b6e2ab206e6') in 0.005654 seconds
Number of updated asset objects reloaded before import = 0
Number of asset objects unloaded after import = 9
========================================================================
Received Import Request.
  Time since last request: 0.000012 seconds.
  path: Assets/SimpleFantasyInteriors/Prefabs/Props/SM_Prop_Curtains_Knot_01.prefab
  artifactKey: Guid(570d1c944383a2e488f8f4a365a535fa) Importer(815301076,1909f56bfc062723c751e8b465ee728b)
Start importing Assets/SimpleFantasyInteriors/Prefabs/Props/SM_Prop_Curtains_Knot_01.prefab using Guid(570d1c944383a2e488f8f4a365a535fa) Importer(815301076,1909f56bfc062723c751e8b465ee728b)  -> (artifact id: 'fe7bf6c94d4cadd49e47f0609a99002e') in 0.005790 seconds
Number of updated asset objects reloaded before import = 0
Number of asset objects unloaded after import = 9
========================================================================
Received Import Request.
  Time since last request: 0.000017 seconds.
  path: Assets/SimpleFantasyInteriors/Prefabs/Props/SM_Prop_Bench_03.prefab
  artifactKey: Guid(2fcbb6d67f909534d9681eeed6c796bb) Importer(815301076,1909f56bfc062723c751e8b465ee728b)
Start importing Assets/SimpleFantasyInteriors/Prefabs/Props/SM_Prop_Bench_03.prefab using Guid(2fcbb6d67f909534d9681eeed6c796bb) Importer(815301076,1909f56bfc062723c751e8b465ee728b)  -> (artifact id: '45b8506edf9c26abdd4ea0fb74f8b2b2') in 0.010192 seconds
Number of updated asset objects reloaded before import = 0
Number of asset objects unloaded after import = 9
========================================================================
Received Import Request.
  Time since last request: 0.000012 seconds.
  path: Assets/SimpleFantasyInteriors/Prefabs/Props/SM_Prop_Bar_Counter_Gap_01.prefab
  artifactKey: Guid(c9fc3f6d22cabae4db337244d6ab3dda) Importer(815301076,1909f56bfc062723c751e8b465ee728b)
Start importing Assets/SimpleFantasyInteriors/Prefabs/Props/SM_Prop_Bar_Counter_Gap_01.prefab using Guid(c9fc3f6d22cabae4db337244d6ab3dda) Importer(815301076,1909f56bfc062723c751e8b465ee728b)  -> (artifact id: '8c55368c595c9f5a2a0344418baf2378') in 0.005546 seconds
Number of updated asset objects reloaded before import = 0
Number of asset objects unloaded after import = 14
========================================================================
Received Import Request.
  Time since last request: 0.000011 seconds.
  path: Assets/SimpleFantasyInteriors/Prefabs/Props/SM_Prop_Bellows_01.prefab
  artifactKey: Guid(830378211f3113f4e89ec6ec7a0f8624) Importer(815301076,1909f56bfc062723c751e8b465ee728b)
Start importing Assets/SimpleFantasyInteriors/Prefabs/Props/SM_Prop_Bellows_01.prefab using Guid(830378211f3113f4e89ec6ec7a0f8624) Importer(815301076,1909f56bfc062723c751e8b465ee728b)  -> (artifact id: 'acd590dc2e9b79a0bfd3aebceeb8a4c0') in 0.004951 seconds
Number of updated asset objects reloaded before import = 0
Number of asset objects unloaded after import = 9
========================================================================
Received Import Request.
  Time since last request: 0.000012 seconds.
  path: Assets/SimpleFantasyInteriors/Prefabs/Props/SM_Prop_Cabinets_05.prefab
  artifactKey: Guid(73a056e68f6b83541a8df7a138a7e353) Importer(815301076,1909f56bfc062723c751e8b465ee728b)
Start importing Assets/SimpleFantasyInteriors/Prefabs/Props/SM_Prop_Cabinets_05.prefab using Guid(73a056e68f6b83541a8df7a138a7e353) Importer(815301076,1909f56bfc062723c751e8b465ee728b)  -> (artifact id: '355439cf788386cfa0d51061fab5e802') in 0.010482 seconds
Number of updated asset objects reloaded before import = 0
Number of asset objects unloaded after import = 9
========================================================================
Received Import Request.
  Time since last request: 0.000011 seconds.
  path: Assets/SimpleFantasyInteriors/Prefabs/Props/SM_Prop_Pot_02.prefab
  artifactKey: Guid(52ad1c9e2229e314bb47ca67eb3adb91) Importer(815301076,1909f56bfc062723c751e8b465ee728b)
Start importing Assets/SimpleFantasyInteriors/Prefabs/Props/SM_Prop_Pot_02.prefab using Guid(52ad1c9e2229e314bb47ca67eb3adb91) Importer(815301076,1909f56bfc062723c751e8b465ee728b)  -> (artifact id: '2dbb5bf28f4930a7e2ccb95df42a1371') in 0.004840 seconds
Number of updated asset objects reloaded before import = 0
Number of asset objects unloaded after import = 9
========================================================================
Received Import Request.
  Time since last request: 0.000010 seconds.
  path: Assets/SimpleFantasyInteriors/Prefabs/Props/SM_Prop_Fireplace_02.prefab
  artifactKey: Guid(4543d94788068424686526eba4a8e8f4) Importer(815301076,1909f56bfc062723c751e8b465ee728b)
Start importing Assets/SimpleFantasyInteriors/Prefabs/Props/SM_Prop_Fireplace_02.prefab using Guid(4543d94788068424686526eba4a8e8f4) Importer(815301076,1909f56bfc062723c751e8b465ee728b)  -> (artifact id: '0872216a1abe1065cc26561279ef6be9') in 0.012338 seconds
Number of updated asset objects reloaded before import = 0
Number of asset objects unloaded after import = 9
========================================================================
Received Import Request.
  Time since last request: 0.000012 seconds.
  path: Assets/SimpleFantasyInteriors/Prefabs/Props/SM_Prop_Ladder_01.prefab
  artifactKey: Guid(07143e0d52672b345abe74569f0b49c0) Importer(815301076,1909f56bfc062723c751e8b465ee728b)
Start importing Assets/SimpleFantasyInteriors/Prefabs/Props/SM_Prop_Ladder_01.prefab using Guid(07143e0d52672b345abe74569f0b49c0) Importer(815301076,1909f56bfc062723c751e8b465ee728b)  -> (artifact id: 'c69c74ccce06bdecd5f309d11cf84684') in 0.005373 seconds
Number of updated asset objects reloaded before import = 0
Number of asset objects unloaded after import = 9
========================================================================
Received Import Request.
  Time since last request: 0.000011 seconds.
  path: Assets/SimpleFantasyInteriors/Prefabs/Props/SM_Prop_Ladder_02.prefab
  artifactKey: Guid(91d54f8567a7cc84398f528705029409) Importer(815301076,1909f56bfc062723c751e8b465ee728b)
Start importing Assets/SimpleFantasyInteriors/Prefabs/Props/SM_Prop_Ladder_02.prefab using Guid(91d54f8567a7cc84398f528705029409) Importer(815301076,1909f56bfc062723c751e8b465ee728b)  -> (artifact id: '7fe9d301d278ad84bf0334d79507c646') in 0.005595 seconds
Number of updated asset objects reloaded before import = 0
Number of asset objects unloaded after import = 9
========================================================================
Received Import Request.
  Time since last request: 0.000011 seconds.
  path: Assets/SimpleFantasyInteriors/Prefabs/Props/SM_Prop_Pedestal_01.prefab
  artifactKey: Guid(f44b9d6c65e79034cbcd7cead71f63c0) Importer(815301076,1909f56bfc062723c751e8b465ee728b)
Start importing Assets/SimpleFantasyInteriors/Prefabs/Props/SM_Prop_Pedestal_01.prefab using Guid(f44b9d6c65e79034cbcd7cead71f63c0) Importer(815301076,1909f56bfc062723c751e8b465ee728b)  -> (artifact id: '05d7c32472e8ee1503dfe481758acd7a') in 0.008067 seconds
Number of updated asset objects reloaded before import = 0
Number of asset objects unloaded after import = 9
========================================================================
Received Import Request.
  Time since last request: 0.000012 seconds.
  path: Assets/SimpleFantasyInteriors/Prefabs/Props/SM_Prop_Bookshelf_01.prefab
  artifactKey: Guid(305cad92df26f524495b469fec68564d) Importer(815301076,1909f56bfc062723c751e8b465ee728b)
Start importing Assets/SimpleFantasyInteriors/Prefabs/Props/SM_Prop_Bookshelf_01.prefab using Guid(305cad92df26f524495b469fec68564d) Importer(815301076,1909f56bfc062723c751e8b465ee728b)  -> (artifact id: 'c364771cbe6bc8fedaff5f34fcc0fd63') in 0.008903 seconds
Number of updated asset objects reloaded before import = 0
Number of asset objects unloaded after import = 9
========================================================================
Received Import Request.
  Time since last request: 0.000014 seconds.
  path: Assets/SimpleFantasyInteriors/Prefabs/Props/SM_Prop_Letter_01.prefab
  artifactKey: Guid(65ef0ca03c9d8d44399b2d6a7bd4f546) Importer(815301076,1909f56bfc062723c751e8b465ee728b)
Start importing Assets/SimpleFantasyInteriors/Prefabs/Props/SM_Prop_Letter_01.prefab using Guid(65ef0ca03c9d8d44399b2d6a7bd4f546) Importer(815301076,1909f56bfc062723c751e8b465ee728b)  -> (artifact id: 'cf93309aef863730923a2e956c2454a1') in 0.004961 seconds
Number of updated asset objects reloaded before import = 0
Number of asset objects unloaded after import = 9
========================================================================
Received Import Request.
  Time since last request: 0.000017 seconds.
  path: Assets/SimpleFantasyInteriors/Prefabs/Props/SM_Prop_Banner_Small_03.prefab
  artifactKey: Guid(5ebb61d40e0f8074396e843a9141b4f8) Importer(815301076,1909f56bfc062723c751e8b465ee728b)
Start importing Assets/SimpleFantasyInteriors/Prefabs/Props/SM_Prop_Banner_Small_03.prefab using Guid(5ebb61d40e0f8074396e843a9141b4f8) Importer(815301076,1909f56bfc062723c751e8b465ee728b)  -> (artifact id: '1223fab9f94d91fabc39e2a1ddf79d10') in 0.005298 seconds
Number of updated asset objects reloaded before import = 0
Number of asset objects unloaded after import = 9
========================================================================
Received Import Request.
  Time since last request: 0.000011 seconds.
  path: Assets/SimpleFantasyInteriors/Prefabs/Props/SM_Prop_Hook_Rack_01.prefab
  artifactKey: Guid(b2df8a5a04ae4fa42b679063f9997309) Importer(815301076,1909f56bfc062723c751e8b465ee728b)
Start importing Assets/SimpleFantasyInteriors/Prefabs/Props/SM_Prop_Hook_Rack_01.prefab using Guid(b2df8a5a04ae4fa42b679063f9997309) Importer(815301076,1909f56bfc062723c751e8b465ee728b)  -> (artifact id: 'a834860621abdb8ad4e7887158546ac7') in 0.010090 seconds
Number of updated asset objects reloaded before import = 0
Number of asset objects unloaded after import = 9
========================================================================
Received Import Request.
  Time since last request: 0.000013 seconds.
  path: Assets/SimpleFantasyInteriors/Prefabs/Props/SM_Prop_Library_Ladder_01.prefab
  artifactKey: Guid(b36d23e5cb68f20479e65f9871b94f0d) Importer(815301076,1909f56bfc062723c751e8b465ee728b)
Start importing Assets/SimpleFantasyInteriors/Prefabs/Props/SM_Prop_Library_Ladder_01.prefab using Guid(b36d23e5cb68f20479e65f9871b94f0d) Importer(815301076,1909f56bfc062723c751e8b465ee728b)  -> (artifact id: '18c3ea44598bff35c5d3d8ba93af34ce') in 0.010270 seconds
Number of updated asset objects reloaded before import = 0
Number of asset objects unloaded after import = 9
========================================================================
Received Import Request.
  Time since last request: 0.000013 seconds.
  path: Assets/SimpleFantasyInteriors/Prefabs/Props/SM_Prop_Mounted_StagHead_01.prefab
  artifactKey: Guid(44dbb293d5b77e34aa55d6fe88992f98) Importer(815301076,1909f56bfc062723c751e8b465ee728b)
Start importing Assets/SimpleFantasyInteriors/Prefabs/Props/SM_Prop_Mounted_StagHead_01.prefab using Guid(44dbb293d5b77e34aa55d6fe88992f98) Importer(815301076,1909f56bfc062723c751e8b465ee728b)  -> (artifact id: 'a4d81eaa28f462929772cf78e072f03c') in 0.009881 seconds
Number of updated asset objects reloaded before import = 0
Number of asset objects unloaded after import = 9
========================================================================
Received Import Request.
  Time since last request: 0.000014 seconds.
  path: Assets/SimpleFantasyInteriors/Prefabs/Props/SM_Prop_Bar_Counter_01.prefab
  artifactKey: Guid(8ca7e7d0cc76b7b49a2bdfd360245bcc) Importer(815301076,1909f56bfc062723c751e8b465ee728b)
Start importing Assets/SimpleFantasyInteriors/Prefabs/Props/SM_Prop_Bar_Counter_01.prefab using Guid(8ca7e7d0cc76b7b49a2bdfd360245bcc) Importer(815301076,1909f56bfc062723c751e8b465ee728b)  -> (artifact id: '30168a3fe90d34607d8b76e7eb87392c') in 0.006186 seconds
Number of updated asset objects reloaded before import = 0
Number of asset objects unloaded after import = 9
========================================================================
Received Import Request.
  Time since last request: 0.000011 seconds.
  path: Assets/SimpleFantasyInteriors/Prefabs/Props/SM_Prop_Meal_04.prefab
  artifactKey: Guid(a95568ed6d5377f4bbf6c910de301892) Importer(815301076,1909f56bfc062723c751e8b465ee728b)
Start importing Assets/SimpleFantasyInteriors/Prefabs/Props/SM_Prop_Meal_04.prefab using Guid(a95568ed6d5377f4bbf6c910de301892) Importer(815301076,1909f56bfc062723c751e8b465ee728b)  -> (artifact id: 'ec037e4858e4e1caa7873bed5bc7b084') in 0.005691 seconds
Number of updated asset objects reloaded before import = 0
Number of asset objects unloaded after import = 9
========================================================================
Received Import Request.
  Time since last request: 0.000012 seconds.
  path: Assets/SimpleFantasyInteriors/Prefabs/Props/SM_Prop_Desk_01.prefab
  artifactKey: Guid(a397f554f90b8a646af221c1ba337882) Importer(815301076,1909f56bfc062723c751e8b465ee728b)
Start importing Assets/SimpleFantasyInteriors/Prefabs/Props/SM_Prop_Desk_01.prefab using Guid(a397f554f90b8a646af221c1ba337882) Importer(815301076,1909f56bfc062723c751e8b465ee728b)  -> (artifact id: '2185bb903ed4f65fb08e0f871256528e') in 0.009048 seconds
Number of updated asset objects reloaded before import = 0
Number of asset objects unloaded after import = 9
========================================================================
Received Import Request.
  Time since last request: 0.000013 seconds.
  path: Assets/SimpleFantasyInteriors/Prefabs/Props/SM_Prop_Bookshelf_04.prefab
  artifactKey: Guid(eb5644b8bb2fc8848b23cade7d165341) Importer(815301076,1909f56bfc062723c751e8b465ee728b)
Start importing Assets/SimpleFantasyInteriors/Prefabs/Props/SM_Prop_Bookshelf_04.prefab using Guid(eb5644b8bb2fc8848b23cade7d165341) Importer(815301076,1909f56bfc062723c751e8b465ee728b)  -> (artifact id: '974ffce5c35d9e9949bf6202a2141583') in 0.005028 seconds
Number of updated asset objects reloaded before import = 0
Number of asset objects unloaded after import = 9
========================================================================
Received Import Request.
  Time since last request: 0.000011 seconds.
  path: Assets/SimpleFantasyInteriors/Prefabs/Props/SM_Prop_Crate_01.prefab
  artifactKey: Guid(b19fbf8ca48db7f43b0deb8bc13c6ea1) Importer(815301076,1909f56bfc062723c751e8b465ee728b)
Start importing Assets/SimpleFantasyInteriors/Prefabs/Props/SM_Prop_Crate_01.prefab using Guid(b19fbf8ca48db7f43b0deb8bc13c6ea1) Importer(815301076,1909f56bfc062723c751e8b465ee728b)  -> (artifact id: 'd315bdb98b155cac39ddd6b6e37f94ac') in 0.005464 seconds
Number of updated asset objects reloaded before import = 0
Number of asset objects unloaded after import = 9
========================================================================
Received Import Request.
  Time since last request: 0.000012 seconds.
  path: Assets/SimpleFantasyInteriors/Prefabs/Props/SM_Prop_KitchenTable_01.prefab
  artifactKey: Guid(36c124668c005a04b8f470a2aa7d609d) Importer(815301076,1909f56bfc062723c751e8b465ee728b)
Start importing Assets/SimpleFantasyInteriors/Prefabs/Props/SM_Prop_KitchenTable_01.prefab using Guid(36c124668c005a04b8f470a2aa7d609d) Importer(815301076,1909f56bfc062723c751e8b465ee728b)  -> (artifact id: 'c1307e76dd07271b0fc3c875cd3d763a') in 0.007853 seconds
Number of updated asset objects reloaded before import = 0
Number of asset objects unloaded after import = 9
========================================================================
Received Import Request.
  Time since last request: 0.000011 seconds.
  path: Assets/SimpleFantasyInteriors/Prefabs/Props/SM_Prop_KitchenTable_02.prefab
  artifactKey: Guid(40872c8df588187418e0bf30e8fdd851) Importer(815301076,1909f56bfc062723c751e8b465ee728b)
Start importing Assets/SimpleFantasyInteriors/Prefabs/Props/SM_Prop_KitchenTable_02.prefab using Guid(40872c8df588187418e0bf30e8fdd851) Importer(815301076,1909f56bfc062723c751e8b465ee728b)  -> (artifact id: 'dbef75c005e672cf52ef8d3f257ed9b2') in 0.010217 seconds
Number of updated asset objects reloaded before import = 0
Number of asset objects unloaded after import = 9
========================================================================
Received Import Request.
  Time since last request: 0.000015 seconds.
  path: Assets/SimpleFantasyInteriors/Prefabs/Props/SM_Prop_Painting_01.prefab
  artifactKey: Guid(229f00f9f0dfd54409fc3b7458bdaad8) Importer(815301076,1909f56bfc062723c751e8b465ee728b)
Start importing Assets/SimpleFantasyInteriors/Prefabs/Props/SM_Prop_Painting_01.prefab using Guid(229f00f9f0dfd54409fc3b7458bdaad8) Importer(815301076,1909f56bfc062723c751e8b465ee728b)  -> (artifact id: '204ee68ee1ea07d9e3e23af9c574fb90') in 0.005569 seconds
Number of updated asset objects reloaded before import = 0
Number of asset objects unloaded after import = 9
========================================================================
Received Import Request.
  Time since last request: 0.000020 seconds.
  path: Assets/SimpleFantasyInteriors/Prefabs/Props/SM_Prop_Furnace_01.prefab
  artifactKey: Guid(ab894e6dda3c4b64b824d6d576382c31) Importer(815301076,1909f56bfc062723c751e8b465ee728b)
Start importing Assets/SimpleFantasyInteriors/Prefabs/Props/SM_Prop_Furnace_01.prefab using Guid(ab894e6dda3c4b64b824d6d576382c31) Importer(815301076,1909f56bfc062723c751e8b465ee728b)  -> (artifact id: 'c1316168a7e0dfaad861ec8ab1b0ca77') in 0.011883 seconds
Number of updated asset objects reloaded before import = 0
Number of asset objects unloaded after import = 9
========================================================================
Received Import Request.
  Time since last request: 0.000014 seconds.
  path: Assets/SimpleFantasyInteriors/Prefabs/Props/SM_Prop_Bookshelf_03.prefab
  artifactKey: Guid(da0401bb9f81bac479930a783e95ab8e) Importer(815301076,1909f56bfc062723c751e8b465ee728b)
Start importing Assets/SimpleFantasyInteriors/Prefabs/Props/SM_Prop_Bookshelf_03.prefab using Guid(da0401bb9f81bac479930a783e95ab8e) Importer(815301076,1909f56bfc062723c751e8b465ee728b)  -> (artifact id: 'cdd76e8082adf704c9a557fa8757c261') in 0.005512 seconds
Number of updated asset objects reloaded before import = 0
Number of asset objects unloaded after import = 9
========================================================================
Received Import Request.
  Time since last request: 0.000013 seconds.
  path: Assets/SimpleFantasyInteriors/Prefabs/Props/SM_Prop_Hook_Rack_02.prefab
  artifactKey: Guid(ef0116bf3a954604ca404cc210ac992c) Importer(815301076,1909f56bfc062723c751e8b465ee728b)
Start importing Assets/SimpleFantasyInteriors/Prefabs/Props/SM_Prop_Hook_Rack_02.prefab using Guid(ef0116bf3a954604ca404cc210ac992c) Importer(815301076,1909f56bfc062723c751e8b465ee728b)  -> (artifact id: 'f7af855897f4b239d7c830f786a7e30f') in 0.013850 seconds
Number of updated asset objects reloaded before import = 0
Number of asset objects unloaded after import = 9
========================================================================
Received Import Request.
  Time since last request: 0.000046 seconds.
  path: Assets/SimpleFantasyInteriors/Prefabs/Props/SM_Prop_Cabinets_01.prefab
  artifactKey: Guid(14fcb8fb7e00a8e4aa777224b1e118f2) Importer(815301076,1909f56bfc062723c751e8b465ee728b)
Start importing Assets/SimpleFantasyInteriors/Prefabs/Props/SM_Prop_Cabinets_01.prefab using Guid(14fcb8fb7e00a8e4aa777224b1e118f2) Importer(815301076,1909f56bfc062723c751e8b465ee728b)  -> (artifact id: 'c89f0a8b2544f82ea76773b59fcf5878') in 0.006461 seconds
Number of updated asset objects reloaded before import = 0
Number of asset objects unloaded after import = 9
========================================================================
Received Import Request.
  Time since last request: 0.000011 seconds.
  path: Assets/SimpleFantasyInteriors/Prefabs/Props/SM_Prop_Bookshelf_05.prefab
  artifactKey: Guid(9a1978d5e2b0d2e40a2fbba6ba0b1fa5) Importer(815301076,1909f56bfc062723c751e8b465ee728b)
Start importing Assets/SimpleFantasyInteriors/Prefabs/Props/SM_Prop_Bookshelf_05.prefab using Guid(9a1978d5e2b0d2e40a2fbba6ba0b1fa5) Importer(815301076,1909f56bfc062723c751e8b465ee728b)  -> (artifact id: '1a54f6beaced33bb4a27b22c659afcfb') in 0.005408 seconds
Number of updated asset objects reloaded before import = 0
Number of asset objects unloaded after import = 9
========================================================================
Received Import Request.
  Time since last request: 0.000012 seconds.
  path: Assets/SimpleFantasyInteriors/Prefabs/Props/SM_Prop_Barrel_03.prefab
  artifactKey: Guid(edabe2d7cbb897949acf7872a3fb88c0) Importer(815301076,1909f56bfc062723c751e8b465ee728b)
Start importing Assets/SimpleFantasyInteriors/Prefabs/Props/SM_Prop_Barrel_03.prefab using Guid(edabe2d7cbb897949acf7872a3fb88c0) Importer(815301076,1909f56bfc062723c751e8b465ee728b)  -> (artifact id: 'e18d021a0ddd5277037ad215168260ac') in 0.012584 seconds
Number of updated asset objects reloaded before import = 0
Number of asset objects unloaded after import = 9
========================================================================
Received Import Request.
  Time since last request: 0.000018 seconds.
  path: Assets/SimpleFantasyInteriors/Prefabs/Props/SM_Prop_Bed_08.prefab
  artifactKey: Guid(7225daa4b8f4bb64db5c8782b8365505) Importer(815301076,1909f56bfc062723c751e8b465ee728b)
Start importing Assets/SimpleFantasyInteriors/Prefabs/Props/SM_Prop_Bed_08.prefab using Guid(7225daa4b8f4bb64db5c8782b8365505) Importer(815301076,1909f56bfc062723c751e8b465ee728b)  -> (artifact id: 'fa79f194dc5b7145fea8e52c24987cd5') in 0.005975 seconds
Number of updated asset objects reloaded before import = 0
Number of asset objects unloaded after import = 9
========================================================================
Received Import Request.
  Time since last request: 0.000011 seconds.
  path: Assets/SimpleFantasyInteriors/Prefabs/Props/SM_Prop_Meal_01.prefab
  artifactKey: Guid(9abb01980e9458b43b3ab3164e7720c1) Importer(815301076,1909f56bfc062723c751e8b465ee728b)
Start importing Assets/SimpleFantasyInteriors/Prefabs/Props/SM_Prop_Meal_01.prefab using Guid(9abb01980e9458b43b3ab3164e7720c1) Importer(815301076,1909f56bfc062723c751e8b465ee728b)  -> (artifact id: '51766ad16856cc14ddd085a0f71d8f23') in 0.004871 seconds
Number of updated asset objects reloaded before import = 0
Number of asset objects unloaded after import = 9
========================================================================
Received Import Request.
  Time since last request: 0.000014 seconds.
  path: Assets/SimpleFantasyInteriors/Prefabs/Props/SM_Prop_Chandelier_02.prefab
  artifactKey: Guid(6a1f7ea146f3e5442b23b5594c5bfabd) Importer(815301076,1909f56bfc062723c751e8b465ee728b)
Start importing Assets/SimpleFantasyInteriors/Prefabs/Props/SM_Prop_Chandelier_02.prefab using Guid(6a1f7ea146f3e5442b23b5594c5bfabd) Importer(815301076,1909f56bfc062723c751e8b465ee728b)  -> (artifact id: 'cdd2333395835b3c8136f3c83430418f') in 0.005180 seconds
Number of updated asset objects reloaded before import = 0
Number of asset objects unloaded after import = 9
========================================================================
Received Import Request.
  Time since last request: 0.000010 seconds.
  path: Assets/SimpleFantasyInteriors/Prefabs/Props/SM_Prop_Meat_01.prefab
  artifactKey: Guid(95c1c226876c83440bc080b36af74d88) Importer(815301076,1909f56bfc062723c751e8b465ee728b)
Start importing Assets/SimpleFantasyInteriors/Prefabs/Props/SM_Prop_Meat_01.prefab using Guid(95c1c226876c83440bc080b36af74d88) Importer(815301076,1909f56bfc062723c751e8b465ee728b)  -> (artifact id: '1cd537aadf586e65e09618439b747bb6') in 0.005981 seconds
Number of updated asset objects reloaded before import = 0
Number of asset objects unloaded after import = 9
========================================================================
Received Import Request.
  Time since last request: 0.000013 seconds.
  path: Assets/SimpleFantasyInteriors/Prefabs/Props/SM_Prop_Chest_02.prefab
  artifactKey: Guid(89f7384bd46b90244b16be89b1de584c) Importer(815301076,1909f56bfc062723c751e8b465ee728b)
Start importing Assets/SimpleFantasyInteriors/Prefabs/Props/SM_Prop_Chest_02.prefab using Guid(89f7384bd46b90244b16be89b1de584c) Importer(815301076,1909f56bfc062723c751e8b465ee728b)  -> (artifact id: 'd790889fd5fe7dc2a77a9dd13e280c2e') in 0.005950 seconds
Number of updated asset objects reloaded before import = 0
Number of asset objects unloaded after import = 14
========================================================================
Received Import Request.
  Time since last request: 0.000018 seconds.
  path: Assets/SimpleFantasyInteriors/Prefabs/Props/SM_Prop_Banner_03.prefab
  artifactKey: Guid(85355b5a95942da44b58acdec1a9ea6e) Importer(815301076,1909f56bfc062723c751e8b465ee728b)
Start importing Assets/SimpleFantasyInteriors/Prefabs/Props/SM_Prop_Banner_03.prefab using Guid(85355b5a95942da44b58acdec1a9ea6e) Importer(815301076,1909f56bfc062723c751e8b465ee728b)  -> (artifact id: '41e95a2596197a8bd11bef3b99ae320c') in 0.005268 seconds
Number of updated asset objects reloaded before import = 0
Number of asset objects unloaded after import = 9
========================================================================
Received Import Request.
  Time since last request: 0.000014 seconds.
  path: Assets/SimpleFantasyInteriors/Prefabs/Props/SM_Prop_Bookshelf_02.prefab
  artifactKey: Guid(fea0b4ed398898f44af789b03caae442) Importer(815301076,1909f56bfc062723c751e8b465ee728b)
Start importing Assets/SimpleFantasyInteriors/Prefabs/Props/SM_Prop_Bookshelf_02.prefab using Guid(fea0b4ed398898f44af789b03caae442) Importer(815301076,1909f56bfc062723c751e8b465ee728b)  -> (artifact id: 'f6893908673c61ded458b6dbad4c3802') in 0.005322 seconds
Number of updated asset objects reloaded before import = 0
Number of asset objects unloaded after import = 9
========================================================================
Received Import Request.
  Time since last request: 0.000010 seconds.
  path: Assets/SimpleFantasyInteriors/Prefabs/Props/SM_Prop_Banner_Small_02.prefab
  artifactKey: Guid(cac36667099b83c459e088860c5fdf41) Importer(815301076,1909f56bfc062723c751e8b465ee728b)
Start importing Assets/SimpleFantasyInteriors/Prefabs/Props/SM_Prop_Banner_Small_02.prefab using Guid(cac36667099b83c459e088860c5fdf41) Importer(815301076,1909f56bfc062723c751e8b465ee728b)  -> (artifact id: '1dc5f61dfd42756d5d5d3abc77c1ad68') in 0.004877 seconds
Number of updated asset objects reloaded before import = 0
Number of asset objects unloaded after import = 9
========================================================================
Received Import Request.
  Time since last request: 0.000014 seconds.
  path: Assets/SimpleFantasyInteriors/Prefabs/Props/SM_Prop_Bed_06.prefab
  artifactKey: Guid(dd1338e76d744e24899475a82cc81679) Importer(815301076,1909f56bfc062723c751e8b465ee728b)
Start importing Assets/SimpleFantasyInteriors/Prefabs/Props/SM_Prop_Bed_06.prefab using Guid(dd1338e76d744e24899475a82cc81679) Importer(815301076,1909f56bfc062723c751e8b465ee728b)  -> (artifact id: '657d161f5f25c75b178e02f4e3b8362e') in 0.005690 seconds
Number of updated asset objects reloaded before import = 0
Number of asset objects unloaded after import = 9
