Using pre-set license
Built from '2022.3/release' branch; Version is '2022.3.5f1 (9674261d40ee) revision 9860134'; Using compiler version '192829333'; Build Type 'Release'
OS: 'Windows 11  (10.0.22621) 64bit Professional' Language: 'en' Physical Memory: 32509 MB
BatchMode: 1, IsHumanControllingUs: 0, StartBugReporterOnCrash: 0, Is64bit: 1, IsPro: 1

COMMAND LINE ARGUMENTS:
C:\Program Files\Unity\Hub\Editor\2022.3.5f1\Editor\Unity.exe
-adb2
-batchMode
-noUpm
-name
AssetImportWorker9
-projectPath
C:/Users/kade/Desktop/Graphics/project-2-infinitegame-studio
-logFile
Logs/AssetImportWorker9.log
-srvPort
50700
Successfully changed project path to: C:/Users/kade/Desktop/Graphics/project-2-infinitegame-studio
C:/Users/kade/Desktop/Graphics/project-2-infinitegame-studio
[UnityMemory] Configuration Parameters - Can be set up in boot.config
    "memorysetup-bucket-allocator-granularity=16"
    "memorysetup-bucket-allocator-bucket-count=8"
    "memorysetup-bucket-allocator-block-size=33554432"
    "memorysetup-bucket-allocator-block-count=8"
    "memorysetup-main-allocator-block-size=16777216"
    "memorysetup-thread-allocator-block-size=16777216"
    "memorysetup-gfx-main-allocator-block-size=16777216"
    "memorysetup-gfx-thread-allocator-block-size=16777216"
    "memorysetup-cache-allocator-block-size=4194304"
    "memorysetup-typetree-allocator-block-size=2097152"
    "memorysetup-profiler-bucket-allocator-granularity=16"
    "memorysetup-profiler-bucket-allocator-bucket-count=8"
    "memorysetup-profiler-bucket-allocator-block-size=33554432"
    "memorysetup-profiler-bucket-allocator-block-count=8"
    "memorysetup-profiler-allocator-block-size=16777216"
    "memorysetup-profiler-editor-allocator-block-size=1048576"
    "memorysetup-temp-allocator-size-main=16777216"
    "memorysetup-job-temp-allocator-block-size=2097152"
    "memorysetup-job-temp-allocator-block-size-background=1048576"
    "memorysetup-job-temp-allocator-reduction-small-platforms=262144"
    "memorysetup-allocator-temp-initial-block-size-main=262144"
    "memorysetup-allocator-temp-initial-block-size-worker=262144"
    "memorysetup-temp-allocator-size-background-worker=32768"
    "memorysetup-temp-allocator-size-job-worker=262144"
    "memorysetup-temp-allocator-size-preload-manager=33554432"
    "memorysetup-temp-allocator-size-nav-mesh-worker=65536"
    "memorysetup-temp-allocator-size-audio-worker=65536"
    "memorysetup-temp-allocator-size-cloud-worker=32768"
    "memorysetup-temp-allocator-size-gi-baking-worker=262144"
    "memorysetup-temp-allocator-size-gfx=262144"
Player connection [36932] Host "[IP] 192.168.50.68 [Port] 0 [Flags] 2 [Guid] 1577798477 [EditorId] 1577798477 [Version] 1048832 [Id] WindowsEditor(7,SoulsCore) [Debug] 1 [PackageName] WindowsEditor [ProjectName] Editor" joined multi-casting on [225.0.0.222:54997]...

Player connection [36932] Host "[IP] 192.168.50.68 [Port] 0 [Flags] 2 [Guid] 1577798477 [EditorId] 1577798477 [Version] 1048832 [Id] WindowsEditor(7,SoulsCore) [Debug] 1 [PackageName] WindowsEditor [ProjectName] Editor" joined alternative multi-casting on [225.0.0.222:34997]...

Refreshing native plugins compatible for Editor in 6.01 ms, found 3 plugins.
Preloading 0 native plugins for Editor in 0.00 ms.
Initialize engine version: 2022.3.5f1 (9674261d40ee)
[Subsystems] Discovering subsystems at path C:/Program Files/Unity/Hub/Editor/2022.3.5f1/Editor/Data/Resources/UnitySubsystems
[Subsystems] Discovering subsystems at path C:/Users/kade/Desktop/Graphics/project-2-infinitegame-studio/Assets
GfxDevice: creating device client; threaded=0; jobified=0
Direct3D:
    Version:  Direct3D 11.0 [level 11.1]
    Renderer: NVIDIA GeForce RTX 3080 (ID=0x2216)
    Vendor:   NVIDIA
    VRAM:     10067 MB
    Driver:   31.0.15.3713
Initialize mono
Mono path[0] = 'C:/Program Files/Unity/Hub/Editor/2022.3.5f1/Editor/Data/Managed'
Mono path[1] = 'C:/Program Files/Unity/Hub/Editor/2022.3.5f1/Editor/Data/MonoBleedingEdge/lib/mono/unityjit-win32'
Mono config path = 'C:/Program Files/Unity/Hub/Editor/2022.3.5f1/Editor/Data/MonoBleedingEdge/etc'
Using monoOptions --debugger-agent=transport=dt_socket,embedding=1,server=y,suspend=n,address=127.0.0.1:56844
Begin MonoManager ReloadAssembly
Registering precompiled unity dll's ...
Register platform support module: C:/Program Files/Unity/Hub/Editor/2022.3.5f1/Editor/Data/PlaybackEngines/WebGLSupport/UnityEditor.WebGL.Extensions.dll
Register platform support module: C:/Program Files/Unity/Hub/Editor/2022.3.5f1/Editor/Data/PlaybackEngines/WindowsStandaloneSupport/UnityEditor.WindowsStandalone.Extensions.dll
Registered in 0.004140 seconds.
- Loaded All Assemblies, in  0.187 seconds
Native extension for WindowsStandalone target not found
Native extension for WebGL target not found
Mono: successfully reloaded assembly
- Finished resetting the current domain, in  0.151 seconds
Domain Reload Profiling: 337ms
	BeginReloadAssembly (47ms)
		ExecutionOrderSort (0ms)
		DisableScriptedObjects (0ms)
		BackupInstance (0ms)
		ReleaseScriptingObjects (0ms)
		CreateAndSetChildDomain (0ms)
	RebuildCommonClasses (20ms)
	RebuildNativeTypeToScriptingClass (6ms)
	initialDomainReloadingComplete (33ms)
	LoadAllAssembliesAndSetupDomain (80ms)
		LoadAssemblies (46ms)
		RebuildTransferFunctionScriptingTraits (0ms)
		AnalyzeDomain (77ms)
			TypeCache.Refresh (77ms)
				TypeCache.ScanAssembly (71ms)
			ScanForSourceGeneratedMonoScriptInfo (0ms)
			ResolveRequiredComponents (0ms)
	FinalizeReload (151ms)
		ReleaseScriptCaches (0ms)
		RebuildScriptCaches (0ms)
		SetupLoadedEditorAssemblies (117ms)
			LogAssemblyErrors (0ms)
			InitializePlatformSupportModulesInManaged (6ms)
			SetLoadedEditorAssemblies (3ms)
			RefreshPlugins (0ms)
			BeforeProcessingInitializeOnLoad (2ms)
			ProcessInitializeOnLoadAttributes (78ms)
			ProcessInitializeOnLoadMethodAttributes (28ms)
			AfterProcessingInitializeOnLoad (0ms)
			EditorAssembliesLoaded (0ms)
		ExecutionOrderSort2 (0ms)
		AwakeInstancesAfterBackupRestoration (0ms)
========================================================================
Worker process is ready to serve import requests
Begin MonoManager ReloadAssembly
- Loaded All Assemblies, in  0.514 seconds
Refreshing native plugins compatible for Editor in 2.13 ms, found 3 plugins.
Native extension for WindowsStandalone target not found
Native extension for WebGL target not found
Package Manager log level set to [2]
[Package Manager] Server::EnsureServerProcessIsRunning -- launch failed, reason: Unity was launched with the -noUpm command-line argument
[Package Manager] UpmClient::Send -- Unable to send message (not connected to UPM process).
[Package Manager] Cannot connect to Unity Package Manager local server
Mono: successfully reloaded assembly
- Finished resetting the current domain, in  0.505 seconds
Domain Reload Profiling: 1017ms
	BeginReloadAssembly (72ms)
		ExecutionOrderSort (0ms)
		DisableScriptedObjects (3ms)
		BackupInstance (0ms)
		ReleaseScriptingObjects (0ms)
		CreateAndSetChildDomain (12ms)
	RebuildCommonClasses (19ms)
	RebuildNativeTypeToScriptingClass (7ms)
	initialDomainReloadingComplete (25ms)
	LoadAllAssembliesAndSetupDomain (390ms)
		LoadAssemblies (178ms)
		RebuildTransferFunctionScriptingTraits (0ms)
		AnalyzeDomain (244ms)
			TypeCache.Refresh (216ms)
				TypeCache.ScanAssembly (209ms)
			ScanForSourceGeneratedMonoScriptInfo (20ms)
			ResolveRequiredComponents (7ms)
	FinalizeReload (505ms)
		ReleaseScriptCaches (0ms)
		RebuildScriptCaches (0ms)
		SetupLoadedEditorAssemblies (383ms)
			LogAssemblyErrors (0ms)
			InitializePlatformSupportModulesInManaged (4ms)
			SetLoadedEditorAssemblies (3ms)
			RefreshPlugins (0ms)
			BeforeProcessingInitializeOnLoad (50ms)
			ProcessInitializeOnLoadAttributes (303ms)
			ProcessInitializeOnLoadMethodAttributes (20ms)
			AfterProcessingInitializeOnLoad (3ms)
			EditorAssembliesLoaded (0ms)
		ExecutionOrderSort2 (0ms)
		AwakeInstancesAfterBackupRestoration (4ms)
Launched and connected shader compiler UnityShaderCompiler.exe after 0.03 seconds
Refreshing native plugins compatible for Editor in 1.89 ms, found 3 plugins.
Preloading 0 native plugins for Editor in 0.00 ms.
Unloading 7179 Unused Serialized files (Serialized files now loaded: 0)
Unloading 262 unused Assets / (16.0 MB). Loaded Objects now: 7502.
Memory consumption went from 332.2 MB to 316.3 MB.
Total: 4.866900 ms (FindLiveObjects: 0.309600 ms CreateObjectMapping: 0.215100 ms MarkObjects: 2.055800 ms  DeleteObjects: 2.285600 ms)

AssetImportParameters requested are different than current active one (requested -> active):
  custom:container-demuxer-ogg: 62fdf1f143b41e24485cea50d1cbac27 -> 
  custom:framework-win-MediaFoundation: 216162199b28c13a410421893ffa2e32 -> 
  custom:container-muxer-webm: aa71ff27fc2769a1b78a27578f13a17b -> 
  custom:video-decoder-webm-vp8: 9c59270c3fd7afecdb556c50c9e8de78 -> 
  custom:AudioImporter_EditorPlatform: d09bf68614088b80899f8185d706f6e7 -> 
  custom:audio-decoder-ogg-vorbis: bf7c407c2cedff20999df2af8eb42d56 -> 
  custom:audio-encoder-webm-vorbis: bf7c407c2cedff20999df2af8eb42d56 -> 
  custom:video-decoder-ogg-theora: a1e56fd34408186e4bbccfd4996cb3dc -> 
  custom:CustomObjectIndexerAttribute: d54d2f2da18e7612c182cf67624b6b12 -> 
  custom:container-demuxer-webm: 4f35f7cbe854078d1ac9338744f61a02 -> 
  custom:video-encoder-webm-vp8: eb34c28f22e8b96e1ab97ce403110664 -> 
========================================================================
Received Import Request.
  Time since last request: 360077.003550 seconds.
  path: Assets/SimpleFantasyInteriors/Prefabs/Props/SM_Prop_Rug_Large_Creased_03.prefab
  artifactKey: Guid(82c47c799119e5742a7bd160535f1068) Importer(815301076,1909f56bfc062723c751e8b465ee728b)
Start importing Assets/SimpleFantasyInteriors/Prefabs/Props/SM_Prop_Rug_Large_Creased_03.prefab using Guid(82c47c799119e5742a7bd160535f1068) Importer(815301076,1909f56bfc062723c751e8b465ee728b)  -> (artifact id: 'd07ced25645ddcf50af39693893db5f5') in 0.088759 seconds
Number of updated asset objects reloaded before import = 0
Number of asset objects unloaded after import = 9
========================================================================
Received Import Request.
  Time since last request: 0.000016 seconds.
  path: Assets/SimpleFantasyInteriors/Prefabs/Props/SM_Prop_Shelf_01.prefab
  artifactKey: Guid(2b7550250802ed04c84d83c52abfbb75) Importer(815301076,1909f56bfc062723c751e8b465ee728b)
Start importing Assets/SimpleFantasyInteriors/Prefabs/Props/SM_Prop_Shelf_01.prefab using Guid(2b7550250802ed04c84d83c52abfbb75) Importer(815301076,1909f56bfc062723c751e8b465ee728b)  -> (artifact id: '6375db35170dd6cec93ecd030eb6ac99') in 0.011380 seconds
Number of updated asset objects reloaded before import = 0
Number of asset objects unloaded after import = 9
========================================================================
Received Import Request.
  Time since last request: 0.000013 seconds.
  path: Assets/SimpleFantasyInteriors/Prefabs/Props/SM_Prop_Rug_Pillows_02.prefab
  artifactKey: Guid(87f0bf15d1a911241be331fa8d77358b) Importer(815301076,1909f56bfc062723c751e8b465ee728b)
Start importing Assets/SimpleFantasyInteriors/Prefabs/Props/SM_Prop_Rug_Pillows_02.prefab using Guid(87f0bf15d1a911241be331fa8d77358b) Importer(815301076,1909f56bfc062723c751e8b465ee728b)  -> (artifact id: 'fcdb42b419a5134eb12909e722eeba9f') in 0.010360 seconds
Number of updated asset objects reloaded before import = 0
Number of asset objects unloaded after import = 9
========================================================================
Received Import Request.
  Time since last request: 0.000015 seconds.
  path: Assets/SimpleFantasyInteriors/Prefabs/Props/SM_Prop_Rug_Stairs_Creased_03.prefab
  artifactKey: Guid(9eb3454fab2090845ab460b59c46909c) Importer(815301076,1909f56bfc062723c751e8b465ee728b)
Start importing Assets/SimpleFantasyInteriors/Prefabs/Props/SM_Prop_Rug_Stairs_Creased_03.prefab using Guid(9eb3454fab2090845ab460b59c46909c) Importer(815301076,1909f56bfc062723c751e8b465ee728b)  -> (artifact id: '0206809a700e578955a20aa95eade0b6') in 0.010590 seconds
Number of updated asset objects reloaded before import = 0
Number of asset objects unloaded after import = 9
========================================================================
Received Import Request.
  Time since last request: 0.000020 seconds.
  path: Assets/SimpleFantasyInteriors/Prefabs/Props/SM_Prop_Rug_Small_01.prefab
  artifactKey: Guid(62f9fee971854f0439ba048d7b187a96) Importer(815301076,1909f56bfc062723c751e8b465ee728b)
Start importing Assets/SimpleFantasyInteriors/Prefabs/Props/SM_Prop_Rug_Small_01.prefab using Guid(62f9fee971854f0439ba048d7b187a96) Importer(815301076,1909f56bfc062723c751e8b465ee728b)  -> (artifact id: '0b02a8eb1c5dd9126747865d58dec2ed') in 0.010737 seconds
Number of updated asset objects reloaded before import = 0
Number of asset objects unloaded after import = 9
========================================================================
Received Import Request.
  Time since last request: 0.000012 seconds.
  path: Assets/SimpleFantasyInteriors/Prefabs/Props/SM_Prop_Skull_01.prefab
  artifactKey: Guid(b83486c316327104fa36c5369ddfee42) Importer(815301076,1909f56bfc062723c751e8b465ee728b)
Start importing Assets/SimpleFantasyInteriors/Prefabs/Props/SM_Prop_Skull_01.prefab using Guid(b83486c316327104fa36c5369ddfee42) Importer(815301076,1909f56bfc062723c751e8b465ee728b)  -> (artifact id: '3dac82951799d877435d7902bb9f68f0') in 0.010746 seconds
Number of updated asset objects reloaded before import = 0
Number of asset objects unloaded after import = 9
========================================================================
Received Import Request.
  Time since last request: 0.000013 seconds.
  path: Assets/SimpleFantasyInteriors/Prefabs/Props/SM_Prop_Rug_Small_03.prefab
  artifactKey: Guid(fd7a806595e29924882a18094510730c) Importer(815301076,1909f56bfc062723c751e8b465ee728b)
Start importing Assets/SimpleFantasyInteriors/Prefabs/Props/SM_Prop_Rug_Small_03.prefab using Guid(fd7a806595e29924882a18094510730c) Importer(815301076,1909f56bfc062723c751e8b465ee728b)  -> (artifact id: '9daf69a201ddd88b87c4a0a67e665e5a') in 0.010005 seconds
Number of updated asset objects reloaded before import = 0
Number of asset objects unloaded after import = 9
========================================================================
Received Import Request.
  Time since last request: 0.000013 seconds.
  path: Assets/SimpleFantasyInteriors/Prefabs/Props/SM_Prop_Rug_Stairs_Creased_02.prefab
  artifactKey: Guid(12d9287d15f8f7049afb161e66ec9614) Importer(815301076,1909f56bfc062723c751e8b465ee728b)
Start importing Assets/SimpleFantasyInteriors/Prefabs/Props/SM_Prop_Rug_Stairs_Creased_02.prefab using Guid(12d9287d15f8f7049afb161e66ec9614) Importer(815301076,1909f56bfc062723c751e8b465ee728b)  -> (artifact id: '25e65f0775c1d280caadee0355bfd55f') in 0.010746 seconds
Number of updated asset objects reloaded before import = 0
Number of asset objects unloaded after import = 9
========================================================================
Received Import Request.
  Time since last request: 13.580085 seconds.
  path: Assets/SimpleFantasyInteriors/Prefabs/Props/SM_Prop_Stool_01.prefab
  artifactKey: Guid(09352e6e868b95d4fb12d431a332c10b) Importer(815301076,1909f56bfc062723c751e8b465ee728b)
Start importing Assets/SimpleFantasyInteriors/Prefabs/Props/SM_Prop_Stool_01.prefab using Guid(09352e6e868b95d4fb12d431a332c10b) Importer(815301076,1909f56bfc062723c751e8b465ee728b)  -> (artifact id: '0ee4c634349112c9403002c214612049') in 0.012073 seconds
Number of updated asset objects reloaded before import = 0
Number of asset objects unloaded after import = 9
========================================================================
Received Import Request.
  Time since last request: 0.000044 seconds.
  path: Assets/SimpleFantasyInteriors/Prefabs/Props/SM_Prop_Stool_03.prefab
  artifactKey: Guid(ab0080b3bdf98234f95d82bfa9452788) Importer(815301076,1909f56bfc062723c751e8b465ee728b)
Start importing Assets/SimpleFantasyInteriors/Prefabs/Props/SM_Prop_Stool_03.prefab using Guid(ab0080b3bdf98234f95d82bfa9452788) Importer(815301076,1909f56bfc062723c751e8b465ee728b)  -> (artifact id: 'fb4c58d515bbea94c4b5c50ede56138f') in 0.010348 seconds
Number of updated asset objects reloaded before import = 0
Number of asset objects unloaded after import = 9
========================================================================
Received Import Request.
  Time since last request: 0.000019 seconds.
  path: Assets/SimpleFantasyInteriors/Prefabs/Props/SM_Prop_Table_02.prefab
  artifactKey: Guid(c7b8f9a23fa1f584c8d3af6dad1a743b) Importer(815301076,1909f56bfc062723c751e8b465ee728b)
Start importing Assets/SimpleFantasyInteriors/Prefabs/Props/SM_Prop_Table_02.prefab using Guid(c7b8f9a23fa1f584c8d3af6dad1a743b) Importer(815301076,1909f56bfc062723c751e8b465ee728b)  -> (artifact id: 'f54d3322b7c86d17861d4a0c59ef4a47') in 0.014041 seconds
Number of updated asset objects reloaded before import = 0
Number of asset objects unloaded after import = 9
========================================================================
Received Import Request.
  Time since last request: 0.000012 seconds.
  path: Assets/SimpleFantasyInteriors/Prefabs/Props/SM_Prop_Table_01.prefab
  artifactKey: Guid(ecf0604fc7e77a14bb95190ddcf54c51) Importer(815301076,1909f56bfc062723c751e8b465ee728b)
Start importing Assets/SimpleFantasyInteriors/Prefabs/Props/SM_Prop_Table_01.prefab using Guid(ecf0604fc7e77a14bb95190ddcf54c51) Importer(815301076,1909f56bfc062723c751e8b465ee728b)  -> (artifact id: '83e2b72f1f7bfde1fbbdf59cdd1a0edb') in 0.010707 seconds
Number of updated asset objects reloaded before import = 0
Number of asset objects unloaded after import = 9
========================================================================
Received Import Request.
  Time since last request: 0.000016 seconds.
  path: Assets/SimpleFantasyInteriors/Prefabs/Props/SM_Prop_TableCloth_01.prefab
  artifactKey: Guid(e7724e4943cfd1a418fcc16112603da4) Importer(815301076,1909f56bfc062723c751e8b465ee728b)
Start importing Assets/SimpleFantasyInteriors/Prefabs/Props/SM_Prop_TableCloth_01.prefab using Guid(e7724e4943cfd1a418fcc16112603da4) Importer(815301076,1909f56bfc062723c751e8b465ee728b)  -> (artifact id: '5bf8ed79abb2b8c850e84476436e023f') in 0.015312 seconds
Number of updated asset objects reloaded before import = 0
Number of asset objects unloaded after import = 9
========================================================================
Received Import Request.
  Time since last request: 0.000014 seconds.
  path: Assets/SimpleFantasyInteriors/Prefabs/Props/SM_Prop_Throne_02.prefab
  artifactKey: Guid(cff235058b25c034a85842da91a78056) Importer(815301076,1909f56bfc062723c751e8b465ee728b)
Start importing Assets/SimpleFantasyInteriors/Prefabs/Props/SM_Prop_Throne_02.prefab using Guid(cff235058b25c034a85842da91a78056) Importer(815301076,1909f56bfc062723c751e8b465ee728b)  -> (artifact id: '21ce0d1ea24565325155d77c7c03b347') in 0.019713 seconds
Number of updated asset objects reloaded before import = 0
Number of asset objects unloaded after import = 9
========================================================================
Received Import Request.
  Time since last request: 0.000011 seconds.
  path: Assets/SimpleFantasyInteriors/Prefabs/Props/SM_Prop_WallWeapon_03.prefab
  artifactKey: Guid(4bc184c2c2a8eb74a8b67561a4a16503) Importer(815301076,1909f56bfc062723c751e8b465ee728b)
Start importing Assets/SimpleFantasyInteriors/Prefabs/Props/SM_Prop_WallWeapon_03.prefab using Guid(4bc184c2c2a8eb74a8b67561a4a16503) Importer(815301076,1909f56bfc062723c751e8b465ee728b)  -> (artifact id: 'a608016a3dda492e7a6f00bd532d29e8') in 0.011728 seconds
Number of updated asset objects reloaded before import = 0
Number of asset objects unloaded after import = 9
========================================================================
Received Import Request.
  Time since last request: 0.000014 seconds.
  path: Assets/SimpleFantasyInteriors/Prefabs/Props/SM_Prop_Vase_Large_DoubleSided_01.prefab
  artifactKey: Guid(6c9e359f5971d934a863c78ceb6a080d) Importer(815301076,1909f56bfc062723c751e8b465ee728b)
Start importing Assets/SimpleFantasyInteriors/Prefabs/Props/SM_Prop_Vase_Large_DoubleSided_01.prefab using Guid(6c9e359f5971d934a863c78ceb6a080d) Importer(815301076,1909f56bfc062723c751e8b465ee728b)  -> (artifact id: '460fe2d23c033133a3d38aaca8457b41') in 0.014836 seconds
Number of updated asset objects reloaded before import = 0
Number of asset objects unloaded after import = 9
========================================================================
Received Import Request.
  Time since last request: 0.000013 seconds.
  path: Assets/SimpleFantasyInteriors/Prefabs/Props/SM_Prop_WallWeapon_02.prefab
  artifactKey: Guid(10aecdae8520d734095a45e67f66b20c) Importer(815301076,1909f56bfc062723c751e8b465ee728b)
Start importing Assets/SimpleFantasyInteriors/Prefabs/Props/SM_Prop_WallWeapon_02.prefab using Guid(10aecdae8520d734095a45e67f66b20c) Importer(815301076,1909f56bfc062723c751e8b465ee728b)  -> (artifact id: 'a767c92c8c9436ce74ddb8d2b10ccfa9') in 0.010965 seconds
Number of updated asset objects reloaded before import = 0
Number of asset objects unloaded after import = 9
========================================================================
Received Import Request.
  Time since last request: 320.102229 seconds.
  path: Assets/SimpleFantasyInteriors/Prefabs/Props/SM_Prop_Banner_01.prefab
  artifactKey: Guid(297414827fab3e34d8cabfccfd83f866) Importer(815301076,1909f56bfc062723c751e8b465ee728b)
Start importing Assets/SimpleFantasyInteriors/Prefabs/Props/SM_Prop_Banner_01.prefab using Guid(297414827fab3e34d8cabfccfd83f866) Importer(815301076,1909f56bfc062723c751e8b465ee728b)  -> (artifact id: '36a888149f5b625cb040a6a9f0f34bfe') in 0.007512 seconds
Number of updated asset objects reloaded before import = 0
Number of asset objects unloaded after import = 9
========================================================================
Received Import Request.
  Time since last request: 0.000014 seconds.
  path: Assets/SimpleFantasyInteriors/Prefabs/Props/SM_Prop_Crystals_04.prefab
  artifactKey: Guid(24d7aad3affa8b14e9f614f718865734) Importer(815301076,1909f56bfc062723c751e8b465ee728b)
Start importing Assets/SimpleFantasyInteriors/Prefabs/Props/SM_Prop_Crystals_04.prefab using Guid(24d7aad3affa8b14e9f614f718865734) Importer(815301076,1909f56bfc062723c751e8b465ee728b)  -> (artifact id: '7630b4df52b7ffd4f37b622f9f8bf2e1') in 0.005237 seconds
Number of updated asset objects reloaded before import = 0
Number of asset objects unloaded after import = 9
========================================================================
Received Import Request.
  Time since last request: 0.000012 seconds.
  path: Assets/SimpleFantasyInteriors/Prefabs/Props/SM_Prop_Banner_04.prefab
  artifactKey: Guid(06c2e8d78f2980f4a8fd77f6736f156d) Importer(815301076,1909f56bfc062723c751e8b465ee728b)
Start importing Assets/SimpleFantasyInteriors/Prefabs/Props/SM_Prop_Banner_04.prefab using Guid(06c2e8d78f2980f4a8fd77f6736f156d) Importer(815301076,1909f56bfc062723c751e8b465ee728b)  -> (artifact id: 'da7f9cd473cd2984ce019abac86df80e') in 0.010013 seconds
Number of updated asset objects reloaded before import = 0
Number of asset objects unloaded after import = 9
========================================================================
Received Import Request.
  Time since last request: 0.000016 seconds.
  path: Assets/SimpleFantasyInteriors/Prefabs/Props/SM_Prop_Knife_01.prefab
  artifactKey: Guid(f97e30d5b74290c4ab55bbc0331c27e2) Importer(815301076,1909f56bfc062723c751e8b465ee728b)
Start importing Assets/SimpleFantasyInteriors/Prefabs/Props/SM_Prop_Knife_01.prefab using Guid(f97e30d5b74290c4ab55bbc0331c27e2) Importer(815301076,1909f56bfc062723c751e8b465ee728b)  -> (artifact id: '53daee6b0b89eaa02f0bad5fac03a8a0') in 0.004794 seconds
Number of updated asset objects reloaded before import = 0
Number of asset objects unloaded after import = 9
========================================================================
Received Import Request.
  Time since last request: 0.000011 seconds.
  path: Assets/SimpleFantasyInteriors/Prefabs/Props/SM_Prop_Page_01.prefab
  artifactKey: Guid(37e6c76424f31634abacb7b0d3e826a2) Importer(815301076,1909f56bfc062723c751e8b465ee728b)
Start importing Assets/SimpleFantasyInteriors/Prefabs/Props/SM_Prop_Page_01.prefab using Guid(37e6c76424f31634abacb7b0d3e826a2) Importer(815301076,1909f56bfc062723c751e8b465ee728b)  -> (artifact id: '88e4e338d729515ff56c8b9d776a60c4') in 0.007345 seconds
Number of updated asset objects reloaded before import = 0
Number of asset objects unloaded after import = 9
========================================================================
Received Import Request.
  Time since last request: 0.000013 seconds.
  path: Assets/SimpleFantasyInteriors/Prefabs/Props/SM_Prop_Fireplace_Chimney_01.prefab
  artifactKey: Guid(295fb8cadc98a114988601c6b412d2aa) Importer(815301076,1909f56bfc062723c751e8b465ee728b)
Start importing Assets/SimpleFantasyInteriors/Prefabs/Props/SM_Prop_Fireplace_Chimney_01.prefab using Guid(295fb8cadc98a114988601c6b412d2aa) Importer(815301076,1909f56bfc062723c751e8b465ee728b)  -> (artifact id: '6333df43493938efd270ef3b84521d00') in 0.009935 seconds
Number of updated asset objects reloaded before import = 0
Number of asset objects unloaded after import = 9
========================================================================
Received Import Request.
  Time since last request: 0.000021 seconds.
  path: Assets/SimpleFantasyInteriors/Prefabs/Props/SM_Prop_Cabinets_06.prefab
  artifactKey: Guid(2f43d4988dd92c049a9a14b8c46d08cf) Importer(815301076,1909f56bfc062723c751e8b465ee728b)
Start importing Assets/SimpleFantasyInteriors/Prefabs/Props/SM_Prop_Cabinets_06.prefab using Guid(2f43d4988dd92c049a9a14b8c46d08cf) Importer(815301076,1909f56bfc062723c751e8b465ee728b)  -> (artifact id: '6937e2c6525aef45858bc66a6dfd97a4') in 0.006303 seconds
Number of updated asset objects reloaded before import = 0
Number of asset objects unloaded after import = 9
========================================================================
Received Import Request.
  Time since last request: 0.000011 seconds.
  path: Assets/SimpleFantasyInteriors/Prefabs/Props/SM_Prop_Bed_02.prefab
  artifactKey: Guid(adb54f742ca97c54b84dc1dc98c8a1f5) Importer(815301076,1909f56bfc062723c751e8b465ee728b)
Start importing Assets/SimpleFantasyInteriors/Prefabs/Props/SM_Prop_Bed_02.prefab using Guid(adb54f742ca97c54b84dc1dc98c8a1f5) Importer(815301076,1909f56bfc062723c751e8b465ee728b)  -> (artifact id: '359744a625acf193db383eacc0176928') in 0.005507 seconds
Number of updated asset objects reloaded before import = 0
Number of asset objects unloaded after import = 9
========================================================================
Received Import Request.
  Time since last request: 0.000011 seconds.
  path: Assets/SimpleFantasyInteriors/Prefabs/Props/SM_Prop_CandleHolder_01.prefab
  artifactKey: Guid(544c37f326903274698a74ae2e52b7de) Importer(815301076,1909f56bfc062723c751e8b465ee728b)
Start importing Assets/SimpleFantasyInteriors/Prefabs/Props/SM_Prop_CandleHolder_01.prefab using Guid(544c37f326903274698a74ae2e52b7de) Importer(815301076,1909f56bfc062723c751e8b465ee728b)  -> (artifact id: 'b0afd556b6a218a23001c2bae91f273e') in 0.010741 seconds
Number of updated asset objects reloaded before import = 0
Number of asset objects unloaded after import = 9
========================================================================
Received Import Request.
  Time since last request: 0.000012 seconds.
  path: Assets/SimpleFantasyInteriors/Prefabs/Props/SM_Prop_Pillow_01.prefab
  artifactKey: Guid(9110b410c6ccbe7418332c0985f74155) Importer(815301076,1909f56bfc062723c751e8b465ee728b)
Start importing Assets/SimpleFantasyInteriors/Prefabs/Props/SM_Prop_Pillow_01.prefab using Guid(9110b410c6ccbe7418332c0985f74155) Importer(815301076,1909f56bfc062723c751e8b465ee728b)  -> (artifact id: 'cd85679fdc250ff029488b231aea46ce') in 0.005343 seconds
Number of updated asset objects reloaded before import = 0
Number of asset objects unloaded after import = 9
========================================================================
Received Import Request.
  Time since last request: 0.000010 seconds.
  path: Assets/SimpleFantasyInteriors/Prefabs/Props/SM_Prop_Pot_03.prefab
  artifactKey: Guid(9ad9b0cd0e2f7194484cb339a3e57de8) Importer(815301076,1909f56bfc062723c751e8b465ee728b)
Start importing Assets/SimpleFantasyInteriors/Prefabs/Props/SM_Prop_Pot_03.prefab using Guid(9ad9b0cd0e2f7194484cb339a3e57de8) Importer(815301076,1909f56bfc062723c751e8b465ee728b)  -> (artifact id: '476eb7878ffbd64919730a43a62f9f74') in 0.004994 seconds
Number of updated asset objects reloaded before import = 0
Number of asset objects unloaded after import = 9
========================================================================
Received Import Request.
  Time since last request: 0.000011 seconds.
  path: Assets/SimpleFantasyInteriors/Prefabs/Props/SM_Prop_Banner_02.prefab
  artifactKey: Guid(5c6b324a4a4a33c40a35bd7341227f29) Importer(815301076,1909f56bfc062723c751e8b465ee728b)
Start importing Assets/SimpleFantasyInteriors/Prefabs/Props/SM_Prop_Banner_02.prefab using Guid(5c6b324a4a4a33c40a35bd7341227f29) Importer(815301076,1909f56bfc062723c751e8b465ee728b)  -> (artifact id: '65d2a4a16875c62ac952bf82d887f473') in 0.005073 seconds
Number of updated asset objects reloaded before import = 0
Number of asset objects unloaded after import = 9
========================================================================
Received Import Request.
  Time since last request: 0.000011 seconds.
  path: Assets/SimpleFantasyInteriors/Prefabs/Props/SM_Prop_Chair_06.prefab
  artifactKey: Guid(98220254d1136024ab185d93da258283) Importer(815301076,1909f56bfc062723c751e8b465ee728b)
Start importing Assets/SimpleFantasyInteriors/Prefabs/Props/SM_Prop_Chair_06.prefab using Guid(98220254d1136024ab185d93da258283) Importer(815301076,1909f56bfc062723c751e8b465ee728b)  -> (artifact id: 'f785aba20156fe2d053487944ab37ba6') in 0.005559 seconds
Number of updated asset objects reloaded before import = 0
Number of asset objects unloaded after import = 9
========================================================================
Received Import Request.
  Time since last request: 0.000010 seconds.
  path: Assets/SimpleFantasyInteriors/Prefabs/Props/SM_Prop_Barrel_02.prefab
  artifactKey: Guid(82de595174e44fa4ebefaf090074ab75) Importer(815301076,1909f56bfc062723c751e8b465ee728b)
Start importing Assets/SimpleFantasyInteriors/Prefabs/Props/SM_Prop_Barrel_02.prefab using Guid(82de595174e44fa4ebefaf090074ab75) Importer(815301076,1909f56bfc062723c751e8b465ee728b)  -> (artifact id: '0947cc5c3048e138904b3237aa021c01') in 0.005543 seconds
Number of updated asset objects reloaded before import = 0
Number of asset objects unloaded after import = 9
========================================================================
Received Import Request.
  Time since last request: 0.000012 seconds.
  path: Assets/SimpleFantasyInteriors/Prefabs/Props/SM_Prop_Pillow_02.prefab
  artifactKey: Guid(e14ab5b2678f41a4a927cd85a600ce4d) Importer(815301076,1909f56bfc062723c751e8b465ee728b)
Start importing Assets/SimpleFantasyInteriors/Prefabs/Props/SM_Prop_Pillow_02.prefab using Guid(e14ab5b2678f41a4a927cd85a600ce4d) Importer(815301076,1909f56bfc062723c751e8b465ee728b)  -> (artifact id: '5f91518334b7c6062ffa59eeefff40c2') in 0.004748 seconds
Number of updated asset objects reloaded before import = 0
Number of asset objects unloaded after import = 9
========================================================================
Received Import Request.
  Time since last request: 0.000015 seconds.
  path: Assets/SimpleFantasyInteriors/Prefabs/Props/SM_Prop_Candle_02.prefab
  artifactKey: Guid(5ccbab23c99f3f74abe914b748c2ce65) Importer(815301076,1909f56bfc062723c751e8b465ee728b)
Start importing Assets/SimpleFantasyInteriors/Prefabs/Props/SM_Prop_Candle_02.prefab using Guid(5ccbab23c99f3f74abe914b748c2ce65) Importer(815301076,1909f56bfc062723c751e8b465ee728b)  -> (artifact id: '2addc37ac14636369f54aa3ee2d8feae') in 0.008126 seconds
Number of updated asset objects reloaded before import = 0
Number of asset objects unloaded after import = 9
========================================================================
Received Import Request.
  Time since last request: 0.000014 seconds.
  path: Assets/SimpleFantasyInteriors/Prefabs/Props/SM_Prop_Bed_03.prefab
  artifactKey: Guid(317d0173613ccf24bb3a0a897f055df8) Importer(815301076,1909f56bfc062723c751e8b465ee728b)
Start importing Assets/SimpleFantasyInteriors/Prefabs/Props/SM_Prop_Bed_03.prefab using Guid(317d0173613ccf24bb3a0a897f055df8) Importer(815301076,1909f56bfc062723c751e8b465ee728b)  -> (artifact id: '387a28b49e4bc966fbba58d3bbb9d28d') in 0.005345 seconds
Number of updated asset objects reloaded before import = 0
Number of asset objects unloaded after import = 9
========================================================================
Received Import Request.
  Time since last request: 0.000013 seconds.
  path: Assets/SimpleFantasyInteriors/Prefabs/Props/SM_Prop_KnightArmour_01.prefab
  artifactKey: Guid(aaef6debf59d81148ad471fa62ad9659) Importer(815301076,1909f56bfc062723c751e8b465ee728b)
Start importing Assets/SimpleFantasyInteriors/Prefabs/Props/SM_Prop_KnightArmour_01.prefab using Guid(aaef6debf59d81148ad471fa62ad9659) Importer(815301076,1909f56bfc062723c751e8b465ee728b)  -> (artifact id: 'a347e65065bd41e4e78b307afb195d7c') in 0.004713 seconds
Number of updated asset objects reloaded before import = 0
Number of asset objects unloaded after import = 9
========================================================================
Received Import Request.
  Time since last request: 0.000018 seconds.
  path: Assets/SimpleFantasyInteriors/Prefabs/Props/SM_Prop_Banner_Small_01.prefab
  artifactKey: Guid(7a14b0cd58179c544890b4fa4114b28a) Importer(815301076,1909f56bfc062723c751e8b465ee728b)
Start importing Assets/SimpleFantasyInteriors/Prefabs/Props/SM_Prop_Banner_Small_01.prefab using Guid(7a14b0cd58179c544890b4fa4114b28a) Importer(815301076,1909f56bfc062723c751e8b465ee728b)  -> (artifact id: 'b89905353680b9e5e371b83a0ae12ea8') in 0.004714 seconds
Number of updated asset objects reloaded before import = 0
Number of asset objects unloaded after import = 9
========================================================================
Received Import Request.
  Time since last request: 0.000011 seconds.
  path: Assets/SimpleFantasyInteriors/Prefabs/Props/SM_Prop_Barrel_Cabinet_02.prefab
  artifactKey: Guid(bf0947fb1f8bfaf45b08ae3510f3a9af) Importer(815301076,1909f56bfc062723c751e8b465ee728b)
Start importing Assets/SimpleFantasyInteriors/Prefabs/Props/SM_Prop_Barrel_Cabinet_02.prefab using Guid(bf0947fb1f8bfaf45b08ae3510f3a9af) Importer(815301076,1909f56bfc062723c751e8b465ee728b)  -> (artifact id: 'c250d4bfd1b3dfe53bacf49febfae4cd') in 0.005048 seconds
Number of updated asset objects reloaded before import = 0
Number of asset objects unloaded after import = 9
========================================================================
Received Import Request.
  Time since last request: 0.000010 seconds.
  path: Assets/SimpleFantasyInteriors/Prefabs/Props/SM_Prop_Curtains_01.prefab
  artifactKey: Guid(31d042c5c1bb61148b79dc73d9f2cc84) Importer(815301076,1909f56bfc062723c751e8b465ee728b)
Start importing Assets/SimpleFantasyInteriors/Prefabs/Props/SM_Prop_Curtains_01.prefab using Guid(31d042c5c1bb61148b79dc73d9f2cc84) Importer(815301076,1909f56bfc062723c751e8b465ee728b)  -> (artifact id: '53da1a510a109affe20b2b31ecef7337') in 0.004650 seconds
Number of updated asset objects reloaded before import = 0
Number of asset objects unloaded after import = 9
========================================================================
Received Import Request.
  Time since last request: 0.000015 seconds.
  path: Assets/SimpleFantasyInteriors/Prefabs/Props/SM_Prop_Keg_01.prefab
  artifactKey: Guid(d0afeb0d0a63cb943b82f1027c336f49) Importer(815301076,1909f56bfc062723c751e8b465ee728b)
Start importing Assets/SimpleFantasyInteriors/Prefabs/Props/SM_Prop_Keg_01.prefab using Guid(d0afeb0d0a63cb943b82f1027c336f49) Importer(815301076,1909f56bfc062723c751e8b465ee728b)  -> (artifact id: '08a86917e4899f0665634462888b638f') in 0.005956 seconds
Number of updated asset objects reloaded before import = 0
Number of asset objects unloaded after import = 9
========================================================================
Received Import Request.
  Time since last request: 0.000011 seconds.
  path: Assets/SimpleFantasyInteriors/Prefabs/Props/SM_Prop_Crystals_03.prefab
  artifactKey: Guid(bea7f070fbbbf4b42b6ed99870cc07cf) Importer(815301076,1909f56bfc062723c751e8b465ee728b)
Start importing Assets/SimpleFantasyInteriors/Prefabs/Props/SM_Prop_Crystals_03.prefab using Guid(bea7f070fbbbf4b42b6ed99870cc07cf) Importer(815301076,1909f56bfc062723c751e8b465ee728b)  -> (artifact id: '13c0aa6d67929026855a3a1d517c4f90') in 0.005588 seconds
Number of updated asset objects reloaded before import = 0
Number of asset objects unloaded after import = 9
========================================================================
Received Import Request.
  Time since last request: 0.000011 seconds.
  path: Assets/SimpleFantasyInteriors/Prefabs/Props/SM_Prop_Bottle_01.prefab
  artifactKey: Guid(91d9c832c7a626f44b853b398a40f8c9) Importer(815301076,1909f56bfc062723c751e8b465ee728b)
Start importing Assets/SimpleFantasyInteriors/Prefabs/Props/SM_Prop_Bottle_01.prefab using Guid(91d9c832c7a626f44b853b398a40f8c9) Importer(815301076,1909f56bfc062723c751e8b465ee728b)  -> (artifact id: '206d45082c93197424272058f18ee4ba') in 0.011328 seconds
Number of updated asset objects reloaded before import = 0
Number of asset objects unloaded after import = 9
========================================================================
Received Import Request.
  Time since last request: 0.000012 seconds.
  path: Assets/SimpleFantasyInteriors/Prefabs/Props/SM_Prop_BookPile_03.prefab
  artifactKey: Guid(bff826145516ec247b5cd231a40468c7) Importer(815301076,1909f56bfc062723c751e8b465ee728b)
Start importing Assets/SimpleFantasyInteriors/Prefabs/Props/SM_Prop_BookPile_03.prefab using Guid(bff826145516ec247b5cd231a40468c7) Importer(815301076,1909f56bfc062723c751e8b465ee728b)  -> (artifact id: 'c957504cf1c5218483c14f3e95046236') in 0.005024 seconds
Number of updated asset objects reloaded before import = 0
Number of asset objects unloaded after import = 9
========================================================================
Received Import Request.
  Time since last request: 0.000011 seconds.
  path: Assets/SimpleFantasyInteriors/Prefabs/Props/SM_Prop_Leek_01.prefab
  artifactKey: Guid(94a9af6aa0c85e6448d06f678dcd1cad) Importer(815301076,1909f56bfc062723c751e8b465ee728b)
Start importing Assets/SimpleFantasyInteriors/Prefabs/Props/SM_Prop_Leek_01.prefab using Guid(94a9af6aa0c85e6448d06f678dcd1cad) Importer(815301076,1909f56bfc062723c751e8b465ee728b)  -> (artifact id: '9239bc3deba6ee66de17079031089ee3') in 0.005388 seconds
Number of updated asset objects reloaded before import = 0
Number of asset objects unloaded after import = 9
========================================================================
Received Import Request.
  Time since last request: 0.000010 seconds.
  path: Assets/SimpleFantasyInteriors/Prefabs/Props/SM_Prop_Bench_02.prefab
  artifactKey: Guid(0bf0ad9d9186c6b4a897be86c3c32577) Importer(815301076,1909f56bfc062723c751e8b465ee728b)
Start importing Assets/SimpleFantasyInteriors/Prefabs/Props/SM_Prop_Bench_02.prefab using Guid(0bf0ad9d9186c6b4a897be86c3c32577) Importer(815301076,1909f56bfc062723c751e8b465ee728b)  -> (artifact id: '6ca623ef652c7794b25d41d3c70f4402') in 0.009566 seconds
Number of updated asset objects reloaded before import = 0
Number of asset objects unloaded after import = 9
========================================================================
Received Import Request.
  Time since last request: 0.000015 seconds.
  path: Assets/SimpleFantasyInteriors/Prefabs/Props/SM_Prop_Cabinets_02.prefab
  artifactKey: Guid(8ed1421600ad85849aabd53fcbddbb7c) Importer(815301076,1909f56bfc062723c751e8b465ee728b)
Start importing Assets/SimpleFantasyInteriors/Prefabs/Props/SM_Prop_Cabinets_02.prefab using Guid(8ed1421600ad85849aabd53fcbddbb7c) Importer(815301076,1909f56bfc062723c751e8b465ee728b)  -> (artifact id: '84fe9333d5138dc0bc1683e34cbc024c') in 0.005530 seconds
Number of updated asset objects reloaded before import = 0
Number of asset objects unloaded after import = 9
========================================================================
Received Import Request.
  Time since last request: 0.000012 seconds.
  path: Assets/SimpleFantasyInteriors/Prefabs/Props/SM_Prop_Book_Open_01.prefab
  artifactKey: Guid(7bb2471add437164e8944b7cb6b11b0a) Importer(815301076,1909f56bfc062723c751e8b465ee728b)
Start importing Assets/SimpleFantasyInteriors/Prefabs/Props/SM_Prop_Book_Open_01.prefab using Guid(7bb2471add437164e8944b7cb6b11b0a) Importer(815301076,1909f56bfc062723c751e8b465ee728b)  -> (artifact id: 'd110f4fd2acc02929996d603d6430601') in 0.010471 seconds
Number of updated asset objects reloaded before import = 0
Number of asset objects unloaded after import = 9
========================================================================
Received Import Request.
  Time since last request: 0.000013 seconds.
  path: Assets/SimpleFantasyInteriors/Prefabs/Props/SM_Prop_Meal_02.prefab
  artifactKey: Guid(0824a14fa6e6fba488e16f182c3fac45) Importer(815301076,1909f56bfc062723c751e8b465ee728b)
Start importing Assets/SimpleFantasyInteriors/Prefabs/Props/SM_Prop_Meal_02.prefab using Guid(0824a14fa6e6fba488e16f182c3fac45) Importer(815301076,1909f56bfc062723c751e8b465ee728b)  -> (artifact id: 'e044f1d62001f62a27c929008401c6fa') in 0.006534 seconds
Number of updated asset objects reloaded before import = 0
Number of asset objects unloaded after import = 9
========================================================================
Received Import Request.
  Time since last request: 0.000015 seconds.
  path: Assets/SimpleFantasyInteriors/Prefabs/Props/SM_Prop_Furnace_02.prefab
  artifactKey: Guid(f6aa15883b6bde64dafc3420a278dc9e) Importer(815301076,1909f56bfc062723c751e8b465ee728b)
Start importing Assets/SimpleFantasyInteriors/Prefabs/Props/SM_Prop_Furnace_02.prefab using Guid(f6aa15883b6bde64dafc3420a278dc9e) Importer(815301076,1909f56bfc062723c751e8b465ee728b)  -> (artifact id: 'f02601a1603555dadecf02dfece108a5') in 0.004996 seconds
Number of updated asset objects reloaded before import = 0
Number of asset objects unloaded after import = 9
========================================================================
Received Import Request.
  Time since last request: 0.000010 seconds.
  path: Assets/SimpleFantasyInteriors/Prefabs/Props/SM_Prop_Ink_01.prefab
  artifactKey: Guid(82cc56ed767bd304c9602279dc8fa1db) Importer(815301076,1909f56bfc062723c751e8b465ee728b)
Start importing Assets/SimpleFantasyInteriors/Prefabs/Props/SM_Prop_Ink_01.prefab using Guid(82cc56ed767bd304c9602279dc8fa1db) Importer(815301076,1909f56bfc062723c751e8b465ee728b)  -> (artifact id: 'ccb426f219565a93db28b24c1ffda32d') in 0.004951 seconds
Number of updated asset objects reloaded before import = 0
Number of asset objects unloaded after import = 9
========================================================================
Received Import Request.
  Time since last request: 0.000014 seconds.
  path: Assets/SimpleFantasyInteriors/Prefabs/Props/SM_Prop_Chest_01.prefab
  artifactKey: Guid(be4b8382eb1b6f644895685271cf67c9) Importer(815301076,1909f56bfc062723c751e8b465ee728b)
Start importing Assets/SimpleFantasyInteriors/Prefabs/Props/SM_Prop_Chest_01.prefab using Guid(be4b8382eb1b6f644895685271cf67c9) Importer(815301076,1909f56bfc062723c751e8b465ee728b)  -> (artifact id: '4b81867d64a3ee5c8e8179f123700620') in 0.005940 seconds
Number of updated asset objects reloaded before import = 0
Number of asset objects unloaded after import = 14
========================================================================
Received Import Request.
  Time since last request: 0.000015 seconds.
  path: Assets/SimpleFantasyInteriors/Prefabs/Props/SM_Prop_Barrel_01.prefab
  artifactKey: Guid(06dfce63d143be446acca863589ee34b) Importer(815301076,1909f56bfc062723c751e8b465ee728b)
Start importing Assets/SimpleFantasyInteriors/Prefabs/Props/SM_Prop_Barrel_01.prefab using Guid(06dfce63d143be446acca863589ee34b) Importer(815301076,1909f56bfc062723c751e8b465ee728b)  -> (artifact id: 'baad655f14590801c346afe57b286fd0') in 0.010629 seconds
Number of updated asset objects reloaded before import = 0
Number of asset objects unloaded after import = 9
========================================================================
Received Import Request.
  Time since last request: 0.000013 seconds.
  path: Assets/SimpleFantasyInteriors/Prefabs/Props/SM_Prop_Crystals_02.prefab
  artifactKey: Guid(6f2d37b7f33fa5e4997d15b277912fb3) Importer(815301076,1909f56bfc062723c751e8b465ee728b)
Start importing Assets/SimpleFantasyInteriors/Prefabs/Props/SM_Prop_Crystals_02.prefab using Guid(6f2d37b7f33fa5e4997d15b277912fb3) Importer(815301076,1909f56bfc062723c751e8b465ee728b)  -> (artifact id: '88e38bc87888727288b1cd48b7a2092f') in 0.004650 seconds
Number of updated asset objects reloaded before import = 0
Number of asset objects unloaded after import = 9
========================================================================
Received Import Request.
  Time since last request: 0.000010 seconds.
  path: Assets/SimpleFantasyInteriors/Prefabs/Props/SM_Prop_Fireplace_01.prefab
  artifactKey: Guid(86a32bd5e4600b8448e1b4ad2f25b55e) Importer(815301076,1909f56bfc062723c751e8b465ee728b)
Start importing Assets/SimpleFantasyInteriors/Prefabs/Props/SM_Prop_Fireplace_01.prefab using Guid(86a32bd5e4600b8448e1b4ad2f25b55e) Importer(815301076,1909f56bfc062723c751e8b465ee728b)  -> (artifact id: 'cf4877f20ff71e5e7abcedeaf14c6c12') in 0.010775 seconds
Number of updated asset objects reloaded before import = 0
Number of asset objects unloaded after import = 9
========================================================================
Received Import Request.
  Time since last request: 0.000015 seconds.
  path: Assets/SimpleFantasyInteriors/Prefabs/Props/SM_Prop_Painting_02.prefab
  artifactKey: Guid(4369097848580d34e95ae4c4eeb1749c) Importer(815301076,1909f56bfc062723c751e8b465ee728b)
Start importing Assets/SimpleFantasyInteriors/Prefabs/Props/SM_Prop_Painting_02.prefab using Guid(4369097848580d34e95ae4c4eeb1749c) Importer(815301076,1909f56bfc062723c751e8b465ee728b)  -> (artifact id: '6e1274c55177b61bbe86fcd0eb3bd32d') in 0.005528 seconds
Number of updated asset objects reloaded before import = 0
Number of asset objects unloaded after import = 9
========================================================================
Received Import Request.
  Time since last request: 0.000012 seconds.
  path: Assets/SimpleFantasyInteriors/Prefabs/Props/SM_Prop_CandleStand_01.prefab
  artifactKey: Guid(0a3c575733e80a14ebe73f911a41aacd) Importer(815301076,1909f56bfc062723c751e8b465ee728b)
Start importing Assets/SimpleFantasyInteriors/Prefabs/Props/SM_Prop_CandleStand_01.prefab using Guid(0a3c575733e80a14ebe73f911a41aacd) Importer(815301076,1909f56bfc062723c751e8b465ee728b)  -> (artifact id: '15ebdd23a499eff26df6104d5a97ad33') in 0.004858 seconds
Number of updated asset objects reloaded before import = 0
Number of asset objects unloaded after import = 9
========================================================================
Received Import Request.
  Time since last request: 0.000010 seconds.
  path: Assets/SimpleFantasyInteriors/Prefabs/Props/SM_Prop_Chair_05.prefab
  artifactKey: Guid(5e0d10994964adb4781dc82671361e19) Importer(815301076,1909f56bfc062723c751e8b465ee728b)
Start importing Assets/SimpleFantasyInteriors/Prefabs/Props/SM_Prop_Chair_05.prefab using Guid(5e0d10994964adb4781dc82671361e19) Importer(815301076,1909f56bfc062723c751e8b465ee728b)  -> (artifact id: '9777e3ffc057eae5a60300593302b966') in 0.004647 seconds
Number of updated asset objects reloaded before import = 0
Number of asset objects unloaded after import = 9
========================================================================
Received Import Request.
  Time since last request: 0.000011 seconds.
  path: Assets/SimpleFantasyInteriors/Prefabs/Props/SM_Prop_Page_02.prefab
  artifactKey: Guid(eeb7d843f3c52b842b72858ca31e7260) Importer(815301076,1909f56bfc062723c751e8b465ee728b)
Start importing Assets/SimpleFantasyInteriors/Prefabs/Props/SM_Prop_Page_02.prefab using Guid(eeb7d843f3c52b842b72858ca31e7260) Importer(815301076,1909f56bfc062723c751e8b465ee728b)  -> (artifact id: 'a9258b903efcc5e4c26c973a353d227e') in 0.005260 seconds
Number of updated asset objects reloaded before import = 0
Number of asset objects unloaded after import = 9
========================================================================
Received Import Request.
  Time since last request: 0.000010 seconds.
  path: Assets/SimpleFantasyInteriors/Prefabs/Props/SM_Prop_BookPile_01.prefab
  artifactKey: Guid(b7aef164533764249bb783a726cb72d8) Importer(815301076,1909f56bfc062723c751e8b465ee728b)
Start importing Assets/SimpleFantasyInteriors/Prefabs/Props/SM_Prop_BookPile_01.prefab using Guid(b7aef164533764249bb783a726cb72d8) Importer(815301076,1909f56bfc062723c751e8b465ee728b)  -> (artifact id: '0b1812a86963509fa024b5ab8bab5889') in 0.005970 seconds
Number of updated asset objects reloaded before import = 0
Number of asset objects unloaded after import = 9
========================================================================
Received Import Request.
  Time since last request: 0.000012 seconds.
  path: Assets/SimpleFantasyInteriors/Prefabs/Props/SM_Prop_Chair_03.prefab
  artifactKey: Guid(3e2a68dcd3b787144bf1403b8727e6c5) Importer(815301076,1909f56bfc062723c751e8b465ee728b)
Start importing Assets/SimpleFantasyInteriors/Prefabs/Props/SM_Prop_Chair_03.prefab using Guid(3e2a68dcd3b787144bf1403b8727e6c5) Importer(815301076,1909f56bfc062723c751e8b465ee728b)  -> (artifact id: 'b27c3b600702ed3ebb80bf5d43aa55c2') in 0.006386 seconds
Number of updated asset objects reloaded before import = 0
Number of asset objects unloaded after import = 9
========================================================================
Received Import Request.
  Time since last request: 0.000024 seconds.
  path: Assets/SimpleFantasyInteriors/Prefabs/Props/SM_Prop_Bottle_02.prefab
  artifactKey: Guid(b119e382f90885842b805c1f7f2a5c71) Importer(815301076,1909f56bfc062723c751e8b465ee728b)
Start importing Assets/SimpleFantasyInteriors/Prefabs/Props/SM_Prop_Bottle_02.prefab using Guid(b119e382f90885842b805c1f7f2a5c71) Importer(815301076,1909f56bfc062723c751e8b465ee728b)  -> (artifact id: '9b89d37bf3b5af37b748543b86541b3e') in 0.006739 seconds
Number of updated asset objects reloaded before import = 0
Number of asset objects unloaded after import = 9
========================================================================
Received Import Request.
  Time since last request: 0.000015 seconds.
  path: Assets/SimpleFantasyInteriors/Prefabs/Props/SM_Prop_Painting_03.prefab
  artifactKey: Guid(48cf13007d5d0ce4a8ed70a7d2c4a5e8) Importer(815301076,1909f56bfc062723c751e8b465ee728b)
Start importing Assets/SimpleFantasyInteriors/Prefabs/Props/SM_Prop_Painting_03.prefab using Guid(48cf13007d5d0ce4a8ed70a7d2c4a5e8) Importer(815301076,1909f56bfc062723c751e8b465ee728b)  -> (artifact id: '966c26dae114b20d5e90057668dca572') in 0.005871 seconds
Number of updated asset objects reloaded before import = 0
Number of asset objects unloaded after import = 9
========================================================================
Received Import Request.
  Time since last request: 0.000012 seconds.
  path: Assets/SimpleFantasyInteriors/Prefabs/Props/SM_Prop_Crystals_01.prefab
  artifactKey: Guid(a1d6b037e45af2c45abe0ee06620122f) Importer(815301076,1909f56bfc062723c751e8b465ee728b)
Start importing Assets/SimpleFantasyInteriors/Prefabs/Props/SM_Prop_Crystals_01.prefab using Guid(a1d6b037e45af2c45abe0ee06620122f) Importer(815301076,1909f56bfc062723c751e8b465ee728b)  -> (artifact id: '78097ae6d131853cee146b6cdba74224') in 0.010287 seconds
Number of updated asset objects reloaded before import = 0
Number of asset objects unloaded after import = 9
========================================================================
Received Import Request.
  Time since last request: 0.000013 seconds.
  path: Assets/SimpleFantasyInteriors/Prefabs/Props/SM_Prop_Bench_01.prefab
  artifactKey: Guid(8254b97f18154274db5ff17a46d4d4fa) Importer(815301076,1909f56bfc062723c751e8b465ee728b)
Start importing Assets/SimpleFantasyInteriors/Prefabs/Props/SM_Prop_Bench_01.prefab using Guid(8254b97f18154274db5ff17a46d4d4fa) Importer(815301076,1909f56bfc062723c751e8b465ee728b)  -> (artifact id: '146adc133fdfc2b276ee56c9b6f3c489') in 0.011071 seconds
Number of updated asset objects reloaded before import = 0
Number of asset objects unloaded after import = 9
========================================================================
Received Import Request.
  Time since last request: 0.000014 seconds.
  path: Assets/SimpleFantasyInteriors/Prefabs/Props/SM_Prop_Pig_Pile_01.prefab
  artifactKey: Guid(979fa8ae9269ce944b1b9e7a249c9f76) Importer(815301076,1909f56bfc062723c751e8b465ee728b)
Start importing Assets/SimpleFantasyInteriors/Prefabs/Props/SM_Prop_Pig_Pile_01.prefab using Guid(979fa8ae9269ce944b1b9e7a249c9f76) Importer(815301076,1909f56bfc062723c751e8b465ee728b)  -> (artifact id: 'd3518850580d28da4346d9440ca5d335') in 0.005609 seconds
Number of updated asset objects reloaded before import = 0
Number of asset objects unloaded after import = 9
========================================================================
Received Import Request.
  Time since last request: 0.000013 seconds.
  path: Assets/SimpleFantasyInteriors/Prefabs/Props/SM_Prop_Mounted_BoarHead_01.prefab
  artifactKey: Guid(9b85ccd0edd16de4f92c4b24cf58c8ee) Importer(815301076,1909f56bfc062723c751e8b465ee728b)
Start importing Assets/SimpleFantasyInteriors/Prefabs/Props/SM_Prop_Mounted_BoarHead_01.prefab using Guid(9b85ccd0edd16de4f92c4b24cf58c8ee) Importer(815301076,1909f56bfc062723c751e8b465ee728b)  -> (artifact id: 'f54e51945b8b87cf150abd3ebad92785') in 0.005112 seconds
Number of updated asset objects reloaded before import = 0
Number of asset objects unloaded after import = 9
========================================================================
Received Import Request.
  Time since last request: 0.000013 seconds.
  path: Assets/SimpleFantasyInteriors/Prefabs/Props/SM_Prop_Chair_01.prefab
  artifactKey: Guid(91c92852a992745438a4f47d08cb595b) Importer(815301076,1909f56bfc062723c751e8b465ee728b)
Start importing Assets/SimpleFantasyInteriors/Prefabs/Props/SM_Prop_Chair_01.prefab using Guid(91c92852a992745438a4f47d08cb595b) Importer(815301076,1909f56bfc062723c751e8b465ee728b)  -> (artifact id: '4fd63a3e77ddf4eecf00963a2d2be423') in 0.005403 seconds
Number of updated asset objects reloaded before import = 0
Number of asset objects unloaded after import = 9
========================================================================
Received Import Request.
  Time since last request: 0.000010 seconds.
  path: Assets/SimpleFantasyInteriors/Prefabs/Props/SM_Prop_Candle_01.prefab
  artifactKey: Guid(cc8392f280fbd0049b97e76d7245a47b) Importer(815301076,1909f56bfc062723c751e8b465ee728b)
Start importing Assets/SimpleFantasyInteriors/Prefabs/Props/SM_Prop_Candle_01.prefab using Guid(cc8392f280fbd0049b97e76d7245a47b) Importer(815301076,1909f56bfc062723c751e8b465ee728b)  -> (artifact id: '5cb41c6ce1a2b34c126ed76943822e45') in 0.005179 seconds
Number of updated asset objects reloaded before import = 0
Number of asset objects unloaded after import = 9
========================================================================
Received Import Request.
  Time since last request: 0.000012 seconds.
  path: Assets/SimpleFantasyInteriors/Prefabs/Props/SM_Prop_Chair_04.prefab
  artifactKey: Guid(3c4cbaf340f8f8f4080e1ef82977f27f) Importer(815301076,1909f56bfc062723c751e8b465ee728b)
Start importing Assets/SimpleFantasyInteriors/Prefabs/Props/SM_Prop_Chair_04.prefab using Guid(3c4cbaf340f8f8f4080e1ef82977f27f) Importer(815301076,1909f56bfc062723c751e8b465ee728b)  -> (artifact id: '75cb38507e8441059f28887d3664d2cd') in 0.006738 seconds
Number of updated asset objects reloaded before import = 0
Number of asset objects unloaded after import = 9
========================================================================
Received Import Request.
  Time since last request: 0.000014 seconds.
  path: Assets/SimpleFantasyInteriors/Prefabs/Props/SM_Prop_Banner_05.prefab
  artifactKey: Guid(cc205fd2628456a4b96dad918d5e7435) Importer(815301076,1909f56bfc062723c751e8b465ee728b)
Start importing Assets/SimpleFantasyInteriors/Prefabs/Props/SM_Prop_Banner_05.prefab using Guid(cc205fd2628456a4b96dad918d5e7435) Importer(815301076,1909f56bfc062723c751e8b465ee728b)  -> (artifact id: '9538044e08dee48a9916dadef30d7958') in 0.005149 seconds
Number of updated asset objects reloaded before import = 0
Number of asset objects unloaded after import = 9
========================================================================
Received Import Request.
  Time since last request: 0.000013 seconds.
  path: Assets/SimpleFantasyInteriors/Prefabs/Props/SM_Prop_BookPile_02.prefab
  artifactKey: Guid(d9c8f495479b9b049ac2bcd0d03d7079) Importer(815301076,1909f56bfc062723c751e8b465ee728b)
Start importing Assets/SimpleFantasyInteriors/Prefabs/Props/SM_Prop_BookPile_02.prefab using Guid(d9c8f495479b9b049ac2bcd0d03d7079) Importer(815301076,1909f56bfc062723c751e8b465ee728b)  -> (artifact id: 'bfb26efb161fce47cbff99b88c6c2dd7') in 0.005419 seconds
Number of updated asset objects reloaded before import = 0
Number of asset objects unloaded after import = 9
========================================================================
Received Import Request.
  Time since last request: 0.000018 seconds.
  path: Assets/SimpleFantasyInteriors/Prefabs/Props/SM_Prop_Cabinets_04.prefab
  artifactKey: Guid(6e92f15f9a2ecaa479bb006ce19e959f) Importer(815301076,1909f56bfc062723c751e8b465ee728b)
Start importing Assets/SimpleFantasyInteriors/Prefabs/Props/SM_Prop_Cabinets_04.prefab using Guid(6e92f15f9a2ecaa479bb006ce19e959f) Importer(815301076,1909f56bfc062723c751e8b465ee728b)  -> (artifact id: 'a79cd59df4511fa7f4210972b62820d7') in 0.005799 seconds
Number of updated asset objects reloaded before import = 0
Number of asset objects unloaded after import = 9
========================================================================
Received Import Request.
  Time since last request: 0.000015 seconds.
  path: Assets/SimpleFantasyInteriors/Prefabs/Props/SM_Prop_Bed_01.prefab
  artifactKey: Guid(88f31094c111ced428ab8e665060f8d0) Importer(815301076,1909f56bfc062723c751e8b465ee728b)
Start importing Assets/SimpleFantasyInteriors/Prefabs/Props/SM_Prop_Bed_01.prefab using Guid(88f31094c111ced428ab8e665060f8d0) Importer(815301076,1909f56bfc062723c751e8b465ee728b)  -> (artifact id: '6572321993a4ba7056eda252aa4e0c30') in 0.005686 seconds
Number of updated asset objects reloaded before import = 0
Number of asset objects unloaded after import = 9
========================================================================
Received Import Request.
  Time since last request: 0.000014 seconds.
  path: Assets/SimpleFantasyInteriors/Prefabs/Props/SM_Prop_Bed_04.prefab
  artifactKey: Guid(85ed099bd9bdb5d46bc84f05faf3b513) Importer(815301076,1909f56bfc062723c751e8b465ee728b)
Start importing Assets/SimpleFantasyInteriors/Prefabs/Props/SM_Prop_Bed_04.prefab using Guid(85ed099bd9bdb5d46bc84f05faf3b513) Importer(815301076,1909f56bfc062723c751e8b465ee728b)  -> (artifact id: '734fa2cb5742febd4d32775234a63295') in 0.005700 seconds
Number of updated asset objects reloaded before import = 0
Number of asset objects unloaded after import = 9
========================================================================
Received Import Request.
  Time since last request: 0.000012 seconds.
  path: Assets/SimpleFantasyInteriors/Prefabs/Props/SM_Prop_Meal_03.prefab
  artifactKey: Guid(1b52b9386bfb89a47bcb9bf38049e93e) Importer(815301076,1909f56bfc062723c751e8b465ee728b)
Start importing Assets/SimpleFantasyInteriors/Prefabs/Props/SM_Prop_Meal_03.prefab using Guid(1b52b9386bfb89a47bcb9bf38049e93e) Importer(815301076,1909f56bfc062723c751e8b465ee728b)  -> (artifact id: 'aae05f5e64773d5c0f542d3cdb7830ed') in 0.004948 seconds
Number of updated asset objects reloaded before import = 0
Number of asset objects unloaded after import = 9
