
=== Tue Aug  8 19:18:51 2023

Packages were changed.
Update Mode: updateDependencies

The following packages were updated:
  com.unity.cinemachine from version 2.9.1 to 2.9.5
  com.unity.collab-proxy from version 1.17.2 to 2.0.5
  com.unity.ide.rider from version 3.0.15 to 3.0.24
  com.unity.ide.visualstudio from version 2.0.16 to 2.0.18
  com.unity.render-pipelines.universal from version 12.1.7 to 14.0.8
  com.unity.terrain-tools from version 4.0.3 to 5.0.1
  com.unity.timeline from version 1.6.4 to 1.7.5
  com.unity.visualeffectgraph from version 12.1.7 to 14.0.8
  com.unity.visualscripting from version 1.7.8 to 1.8.0

=== Tue Aug  8 19:18:51 2023

Packages were changed.
Update Mode: mergeDefaultDependencies

The following packages were added:
  com.unity.cinemachine@2.9.5
  com.unity.ide.rider@3.0.24
  com.unity.ide.visualstudio@2.0.18
  com.unity.ide.vscode@1.2.5
  com.unity.render-pipelines.universal@14.0.8
  com.unity.terrain-tools@5.0.1
  com.unity.test-framework@1.1.33
  com.unity.visualeffectgraph@14.0.8

=== Tue Aug  8 19:56:23 2023

Packages were changed.
Update Mode: updateDependencies

The following packages were updated:
  com.unity.collab-proxy from version 1.13.5 to 2.0.5
  com.unity.ide.rider from version 3.0.7 to 3.0.24
  com.unity.ide.visualstudio from version 2.0.11 to 2.0.18
  com.unity.ide.vscode from version 1.2.4 to 1.2.5
  com.unity.render-pipelines.high-definition from version 12.1.0 to 14.0.8
  com.unity.render-pipelines.universal from version 12.1.0 to 14.0.8
  com.unity.shadergraph from version 12.1.0 to 14.0.8
  com.unity.test-framework from version 1.1.29 to 1.1.33
  com.unity.timeline from version 1.6.2 to 1.7.5
  com.unity.visualscripting from version 1.7.2 to 1.8.0

=== Tue Aug  8 19:56:23 2023

Packages were changed.
Update Mode: mergeDefaultDependencies

The following packages were added:
  com.unity.render-pipelines.high-definition@14.0.8
  com.unity.shadergraph@14.0.8

=== Sat Sep  9 08:12:26 2023

Packages were changed.
Update Mode: updateDependencies

The following packages were updated:
  com.unity.postprocessing from version 2.2.2 to 3.2.2
  com.unity.textmeshpro from version 2.0.1 to 3.0.6

=== Sat Sep  9 08:12:26 2023

Packages were changed.
Update Mode: mergeDefaultDependencies

The following packages were added:
  com.unity.postprocessing@3.2.2
